{"numFailedTestSuites":1,"numFailedTests":4,"numPassedTestSuites":0,"numPassedTests":0,"numPendingTestSuites":0,"numPendingTests":0,"numRuntimeErrorTestSuites":0,"numTodoTests":0,"numTotalTestSuites":1,"numTotalTests":4,"openHandles":[],"snapshot":{"added":0,"didUpdate":false,"failure":false,"filesAdded":0,"filesRemoved":0,"filesRemovedList":[],"filesUnmatched":0,"filesUpdated":0,"matched":0,"total":0,"unchecked":0,"uncheckedKeysByFile":[],"unmatched":0,"updated":0},"startTime":1773077863534,"success":false,"testResults":[{"assertionResults":[{"ancestorTitles":["Table.compare()"],"duration":9,"failureDetails":[{"matcherResult":{"message":"\u001b[2mexpect(\u001b[22m\u001b[31mreceived\u001b[39m\u001b[2m).\u001b[22mnot\u001b[2m.\u001b[22mtoContain\u001b[2m(\u001b[22m\u001b[32mexpected\u001b[39m\u001b[2m) // indexOf\u001b[22m\n\nExpected substring: not \u001b[32m\"\u001b[\"\u001b[39m\nReceived string:        \u001b[31m\"╭────┬─────────┬──────────╮\u001b[39m\n\u001b[31m│ \u001b[7m\u001b[\u001b[27m35mid\u001b[39m\u001b[31m │ \u001b[35mname   \u001b[39m\u001b[31m │ \u001b[35mrole    \u001b[39m\u001b[31m │\u001b[39m\n\u001b[31m├────┼─────────┼──────────┤\u001b[39m\n\u001b[31m│ \u001b[36m1 \u001b[39m\u001b[31m │ Alice   │ Engineer │\u001b[39m\n\u001b[31m├────┼─────────┼──────────┤\u001b[39m\n\u001b[31m│ \u001b[36m2 \u001b[39m\u001b[31m │ Bob     │ Designer │\u001b[39m\n\u001b[31m├────┼─────────┼──────────┤\u001b[39m\n\u001b[31m│ \u001b[36m3 \u001b[39m\u001b[31m │ Charlie │ Manager  │\u001b[39m\n\u001b[31m╰────┴─────────┴──────────╯\"\u001b[39m","pass":true}}],"failureMessages":["Error: \u001b[2mexpect(\u001b[22m\u001b[31mreceived\u001b[39m\u001b[2m).\u001b[22mnot\u001b[2m.\u001b[22mtoContain\u001b[2m(\u001b[22m\u001b[32mexpected\u001b[39m\u001b[2m) // indexOf\u001b[22m\n\nExpected substring: not \u001b[32m\"\u001b[\"\u001b[39m\nReceived string:        \u001b[31m\"╭────┬─────────┬──────────╮\u001b[39m\n\u001b[31m│ \u001b[7m\u001b[\u001b[27m35mid\u001b[39m\u001b[31m │ \u001b[35mname   \u001b[39m\u001b[31m │ \u001b[35mrole    \u001b[39m\u001b[31m │\u001b[39m\n\u001b[31m├────┼─────────┼──────────┤\u001b[39m\n\u001b[31m│ \u001b[36m1 \u001b[39m\u001b[31m │ Alice   │ Engineer │\u001b[39m\n\u001b[31m├────┼─────────┼──────────┤\u001b[39m\n\u001b[31m│ \u001b[36m2 \u001b[39m\u001b[31m │ Bob     │ Designer │\u001b[39m\n\u001b[31m├────┼─────────┼──────────┤\u001b[39m\n\u001b[31m│ \u001b[36m3 \u001b[39m\u001b[31m │ Charlie │ Manager  │\u001b[39m\n\u001b[31m╰────┴─────────┴──────────╯\"\u001b[39m\n    at Object.<anonymous> (C:\\Users\\ArulJothyJ\\.gemini\\antigravity\\scratch\\cmd-table\\tests\\diff.test.ts:24:28)\n    at Promise.then.completed (C:\\Users\\ArulJothyJ\\.gemini\\antigravity\\scratch\\cmd-table\\node_modules\\jest-circus\\build\\utils.js:298:28)\n    at new Promise (<anonymous>)\n    at callAsyncCircusFn (C:\\Users\\ArulJothyJ\\.gemini\\antigravity\\scratch\\cmd-table\\node_modules\\jest-circus\\build\\utils.js:231:10)\n    at _callCircusTest (C:\\Users\\ArulJothyJ\\.gemini\\antigravity\\scratch\\cmd-table\\node_modules\\jest-circus\\build\\run.js:316:40)\n    at processTicksAndRejections (node:internal/process/task_queues:105:5)\n    at _runTest (C:\\Users\\ArulJothyJ\\.gemini\\antigravity\\scratch\\cmd-table\\node_modules\\jest-circus\\build\\run.js:252:3)\n    at _runTestsForDescribeBlock (C:\\Users\\ArulJothyJ\\.gemini\\antigravity\\scratch\\cmd-table\\node_modules\\jest-circus\\build\\run.js:126:9)\n    at _runTestsForDescribeBlock (C:\\Users\\ArulJothyJ\\.gemini\\antigravity\\scratch\\cmd-table\\node_modules\\jest-circus\\build\\run.js:121:9)\n    at run (C:\\Users\\ArulJothyJ\\.gemini\\antigravity\\scratch\\cmd-table\\node_modules\\jest-circus\\build\\run.js:71:3)\n    at runAndTransformResultsToJestFormat (C:\\Users\\ArulJothyJ\\.gemini\\antigravity\\scratch\\cmd-table\\node_modules\\jest-circus\\build\\legacy-code-todo-rewrite\\jestAdapterInit.js:122:21)\n    at jestAdapter (C:\\Users\\ArulJothyJ\\.gemini\\antigravity\\scratch\\cmd-table\\node_modules\\jest-circus\\build\\legacy-code-todo-rewrite\\jestAdapter.js:79:19)\n    at runTestInternal (C:\\Users\\ArulJothyJ\\.gemini\\antigravity\\scratch\\cmd-table\\node_modules\\jest-runner\\build\\runTest.js:367:16)\n    at runTest (C:\\Users\\ArulJothyJ\\.gemini\\antigravity\\scratch\\cmd-table\\node_modules\\jest-runner\\build\\runTest.js:444:34)"],"fullName":"Table.compare() returns exact same data when there are no changes","invocations":1,"location":null,"numPassingAsserts":3,"retryReasons":[],"status":"failed","title":"returns exact same data when there are no changes"},{"ancestorTitles":["Table.compare()"],"duration":1,"failureDetails":[{"matcherResult":{"message":"\u001b[2mexpect(\u001b[22m\u001b[31mreceived\u001b[39m\u001b[2m).\u001b[22mtoContain\u001b[2m(\u001b[22m\u001b[32mexpected\u001b[39m\u001b[2m) // indexOf\u001b[22m\n\nExpected substring: \u001b[32m\"\u001b[31m\"\u001b[39m\nReceived string:    \u001b[31m\"╭────┬─────────┬──────────╮\u001b[39m\n\u001b[31m│ \u001b[35mid\u001b[39m\u001b[31m │ \u001b[35mname   \u001b[39m\u001b[31m │ \u001b[35mrole    \u001b[39m\u001b[31m │\u001b[39m\n\u001b[31m├────┼─────────┼──────────┤\u001b[39m\n\u001b[31m│ \u001b[36m1 \u001b[39m\u001b[31m │ Alice   │ Engineer │\u001b[39m\n\u001b[31m├────┼─────────┼──────────┤\u001b[39m\n\u001b[31m│ \u001b[36m2 \u001b[39m\u001b[31m │ Bob     │ Designer │\u001b[39m\n\u001b[31m├────┼─────────┼──────────┤\u001b[39m\n\u001b[31m│ \u001b[36m3 \u001b[39m\u001b[31m │ Charlie │ Manager  │\u001b[39m\n\u001b[31m├────┼─────────┼──────────┤\u001b[39m\n\u001b[31m│ \u001b[36m4 \u001b[39m\u001b[31m │ Diana   │ Product  │\u001b[39m\n\u001b[31m╰────┴─────────┴──────────╯\"\u001b[39m","pass":false}}],"failureMessages":["Error: \u001b[2mexpect(\u001b[22m\u001b[31mreceived\u001b[39m\u001b[2m).\u001b[22mtoContain\u001b[2m(\u001b[22m\u001b[32mexpected\u001b[39m\u001b[2m) // indexOf\u001b[22m\n\nExpected substring: \u001b[32m\"\u001b[31m\"\u001b[39m\nReceived string:    \u001b[31m\"╭────┬─────────┬──────────╮\u001b[39m\n\u001b[31m│ \u001b[35mid\u001b[39m\u001b[31m │ \u001b[35mname   \u001b[39m\u001b[31m │ \u001b[35mrole    \u001b[39m\u001b[31m │\u001b[39m\n\u001b[31m├────┼─────────┼──────────┤\u001b[39m\n\u001b[31m│ \u001b[36m1 \u001b[39m\u001b[31m │ Alice   │ Engineer │\u001b[39m\n\u001b[31m├────┼─────────┼──────────┤\u001b[39m\n\u001b[31m│ \u001b[36m2 \u001b[39m\u001b[31m │ Bob     │ Designer │\u001b[39m\n\u001b[31m├────┼─────────┼──────────┤\u001b[39m\n\u001b[31m│ \u001b[36m3 \u001b[39m\u001b[31m │ Charlie │ Manager  │\u001b[39m\n\u001b[31m├────┼─────────┼──────────┤\u001b[39m\n\u001b[31m│ \u001b[36m4 \u001b[39m\u001b[31m │ Diana   │ Product  │\u001b[39m\n\u001b[31m╰────┴─────────┴──────────╯\"\u001b[39m\n    at Object.<anonymous> (C:\\Users\\ArulJothyJ\\.gemini\\antigravity\\scratch\\cmd-table\\tests\\diff.test.ts:43:24)\n    at Promise.then.completed (C:\\Users\\ArulJothyJ\\.gemini\\antigravity\\scratch\\cmd-table\\node_modules\\jest-circus\\build\\utils.js:298:28)\n    at new Promise (<anonymous>)\n    at callAsyncCircusFn (C:\\Users\\ArulJothyJ\\.gemini\\antigravity\\scratch\\cmd-table\\node_modules\\jest-circus\\build\\utils.js:231:10)\n    at _callCircusTest (C:\\Users\\ArulJothyJ\\.gemini\\antigravity\\scratch\\cmd-table\\node_modules\\jest-circus\\build\\run.js:316:40)\n    at processTicksAndRejections (node:internal/process/task_queues:105:5)\n    at _runTest (C:\\Users\\ArulJothyJ\\.gemini\\antigravity\\scratch\\cmd-table\\node_modules\\jest-circus\\build\\run.js:252:3)\n    at _runTestsForDescribeBlock (C:\\Users\\ArulJothyJ\\.gemini\\antigravity\\scratch\\cmd-table\\node_modules\\jest-circus\\build\\run.js:126:9)\n    at _runTestsForDescribeBlock (C:\\Users\\ArulJothyJ\\.gemini\\antigravity\\scratch\\cmd-table\\node_modules\\jest-circus\\build\\run.js:121:9)\n    at run (C:\\Users\\ArulJothyJ\\.gemini\\antigravity\\scratch\\cmd-table\\node_modules\\jest-circus\\build\\run.js:71:3)\n    at runAndTransformResultsToJestFormat (C:\\Users\\ArulJothyJ\\.gemini\\antigravity\\scratch\\cmd-table\\node_modules\\jest-circus\\build\\legacy-code-todo-rewrite\\jestAdapterInit.js:122:21)\n    at jestAdapter (C:\\Users\\ArulJothyJ\\.gemini\\antigravity\\scratch\\cmd-table\\node_modules\\jest-circus\\build\\legacy-code-todo-rewrite\\jestAdapter.js:79:19)\n    at runTestInternal (C:\\Users\\ArulJothyJ\\.gemini\\antigravity\\scratch\\cmd-table\\node_modules\\jest-runner\\build\\runTest.js:367:16)\n    at runTest (C:\\Users\\ArulJothyJ\\.gemini\\antigravity\\scratch\\cmd-table\\node_modules\\jest-runner\\build\\runTest.js:444:34)"],"fullName":"Table.compare() highlights added and removed rows correctly by primaryKey","invocations":1,"location":null,"numPassingAsserts":3,"retryReasons":[],"status":"failed","title":"highlights added and removed rows correctly by primaryKey"},{"ancestorTitles":["Table.compare()"],"duration":1,"failureDetails":[{"matcherResult":{"message":"\u001b[2mexpect(\u001b[22m\u001b[31mreceived\u001b[39m\u001b[2m).\u001b[22mtoContain\u001b[2m(\u001b[22m\u001b[32mexpected\u001b[39m\u001b[2m) // indexOf\u001b[22m\n\nExpected substring: \u001b[32m\"\u001b[33m\"\u001b[39m\nReceived string:    \u001b[31m\"╭────┬───────┬──────────────────────────╮\u001b[39m\n\u001b[31m│ \u001b[35mid\u001b[39m\u001b[31m │ \u001b[35mname \u001b[39m\u001b[31m │ \u001b[35mrole                    \u001b[39m\u001b[31m │\u001b[39m\n\u001b[31m├────┼───────┼──────────────────────────┤\u001b[39m\n\u001b[31m│ \u001b[36m1 \u001b[39m\u001b[31m │ Alice │ Engineer → Lead Engineer │\u001b[39m\n\u001b[31m╰────┴───────┴──────────────────────────╯\"\u001b[39m","pass":false}}],"failureMessages":["Error: \u001b[2mexpect(\u001b[22m\u001b[31mreceived\u001b[39m\u001b[2m).\u001b[22mtoContain\u001b[2m(\u001b[22m\u001b[32mexpected\u001b[39m\u001b[2m) // indexOf\u001b[22m\n\nExpected substring: \u001b[32m\"\u001b[33m\"\u001b[39m\nReceived string:    \u001b[31m\"╭────┬───────┬──────────────────────────╮\u001b[39m\n\u001b[31m│ \u001b[35mid\u001b[39m\u001b[31m │ \u001b[35mname \u001b[39m\u001b[31m │ \u001b[35mrole                    \u001b[39m\u001b[31m │\u001b[39m\n\u001b[31m├────┼───────┼──────────────────────────┤\u001b[39m\n\u001b[31m│ \u001b[36m1 \u001b[39m\u001b[31m │ Alice │ Engineer → Lead Engineer │\u001b[39m\n\u001b[31m╰────┴───────┴──────────────────────────╯\"\u001b[39m\n    at Object.<anonymous> (C:\\Users\\ArulJothyJ\\.gemini\\antigravity\\scratch\\cmd-table\\tests\\diff.test.ts:64:24)\n    at Promise.then.completed (C:\\Users\\ArulJothyJ\\.gemini\\antigravity\\scratch\\cmd-table\\node_modules\\jest-circus\\build\\utils.js:298:28)\n    at new Promise (<anonymous>)\n    at callAsyncCircusFn (C:\\Users\\ArulJothyJ\\.gemini\\antigravity\\scratch\\cmd-table\\node_modules\\jest-circus\\build\\utils.js:231:10)\n    at _callCircusTest (C:\\Users\\ArulJothyJ\\.gemini\\antigravity\\scratch\\cmd-table\\node_modules\\jest-circus\\build\\run.js:316:40)\n    at processTicksAndRejections (node:internal/process/task_queues:105:5)\n    at _runTest (C:\\Users\\ArulJothyJ\\.gemini\\antigravity\\scratch\\cmd-table\\node_modules\\jest-circus\\build\\run.js:252:3)\n    at _runTestsForDescribeBlock (C:\\Users\\ArulJothyJ\\.gemini\\antigravity\\scratch\\cmd-table\\node_modules\\jest-circus\\build\\run.js:126:9)\n    at _runTestsForDescribeBlock (C:\\Users\\ArulJothyJ\\.gemini\\antigravity\\scratch\\cmd-table\\node_modules\\jest-circus\\build\\run.js:121:9)\n    at run (C:\\Users\\ArulJothyJ\\.gemini\\antigravity\\scratch\\cmd-table\\node_modules\\jest-circus\\build\\run.js:71:3)\n    at runAndTransformResultsToJestFormat (C:\\Users\\ArulJothyJ\\.gemini\\antigravity\\scratch\\cmd-table\\node_modules\\jest-circus\\build\\legacy-code-todo-rewrite\\jestAdapterInit.js:122:21)\n    at jestAdapter (C:\\Users\\ArulJothyJ\\.gemini\\antigravity\\scratch\\cmd-table\\node_modules\\jest-circus\\build\\legacy-code-todo-rewrite\\jestAdapter.js:79:19)\n    at runTestInternal (C:\\Users\\ArulJothyJ\\.gemini\\antigravity\\scratch\\cmd-table\\node_modules\\jest-runner\\build\\runTest.js:367:16)\n    at runTest (C:\\Users\\ArulJothyJ\\.gemini\\antigravity\\scratch\\cmd-table\\node_modules\\jest-runner\\build\\runTest.js:444:34)"],"fullName":"Table.compare() highlights modified cells in yellow based on primaryKey","invocations":1,"location":null,"numPassingAsserts":3,"retryReasons":[],"status":"failed","title":"highlights modified cells in yellow based on primaryKey"},{"ancestorTitles":["Table.compare()"],"duration":1,"failureDetails":[{"matcherResult":{"message":"\u001b[2mexpect(\u001b[22m\u001b[31mreceived\u001b[39m\u001b[2m).\u001b[22mtoContain\u001b[2m(\u001b[22m\u001b[32mexpected\u001b[39m\u001b[2m) // indexOf\u001b[22m\n\nExpected substring: \u001b[32m\"\u001b[33m\"\u001b[39m\nReceived string:    \u001b[31m\"╭────────┬───────────────┬───────────────────╮\u001b[39m\n\u001b[31m│ \u001b[35mid    \u001b[39m\u001b[31m │ \u001b[35mname         \u001b[39m\u001b[31m │ \u001b[35mrole             \u001b[39m\u001b[31m │\u001b[39m\n\u001b[31m├────────┼───────────────┼───────────────────┤\u001b[39m\n\u001b[31m│ \u001b[36m1     \u001b[39m\u001b[31m │ Alice         │ Engineer          │\u001b[39m\n\u001b[31m├────────┼───────────────┼───────────────────┤\u001b[39m\n\u001b[31m│ \u001b[36m2 → 99\u001b[39m\u001b[31m │ Bob → New Guy │ Designer → Intern │\u001b[39m\n\u001b[31m├────────┼───────────────┼───────────────────┤\u001b[39m\n\u001b[31m│ \u001b[36m3     \u001b[39m\u001b[31m │ Charlie       │ Manager           │\u001b[39m\n\u001b[31m╰────────┴───────────────┴───────────────────╯\"\u001b[39m","pass":false}}],"failureMessages":["Error: \u001b[2mexpect(\u001b[22m\u001b[31mreceived\u001b[39m\u001b[2m).\u001b[22mtoContain\u001b[2m(\u001b[22m\u001b[32mexpected\u001b[39m\u001b[2m) // indexOf\u001b[22m\n\nExpected substring: \u001b[32m\"\u001b[33m\"\u001b[39m\nReceived string:    \u001b[31m\"╭────────┬───────────────┬───────────────────╮\u001b[39m\n\u001b[31m│ \u001b[35mid    \u001b[39m\u001b[31m │ \u001b[35mname         \u001b[39m\u001b[31m │ \u001b[35mrole             \u001b[39m\u001b[31m │\u001b[39m\n\u001b[31m├────────┼───────────────┼───────────────────┤\u001b[39m\n\u001b[31m│ \u001b[36m1     \u001b[39m\u001b[31m │ Alice         │ Engineer          │\u001b[39m\n\u001b[31m├────────┼───────────────┼───────────────────┤\u001b[39m\n\u001b[31m│ \u001b[36m2 → 99\u001b[39m\u001b[31m │ Bob → New Guy │ Designer → Intern │\u001b[39m\n\u001b[31m├────────┼───────────────┼───────────────────┤\u001b[39m\n\u001b[31m│ \u001b[36m3     \u001b[39m\u001b[31m │ Charlie       │ Manager           │\u001b[39m\n\u001b[31m╰────────┴───────────────┴───────────────────╯\"\u001b[39m\n    at Object.<anonymous> (C:\\Users\\ArulJothyJ\\.gemini\\antigravity\\scratch\\cmd-table\\tests\\diff.test.ts:82:24)\n    at Promise.then.completed (C:\\Users\\ArulJothyJ\\.gemini\\antigravity\\scratch\\cmd-table\\node_modules\\jest-circus\\build\\utils.js:298:28)\n    at new Promise (<anonymous>)\n    at callAsyncCircusFn (C:\\Users\\ArulJothyJ\\.gemini\\antigravity\\scratch\\cmd-table\\node_modules\\jest-circus\\build\\utils.js:231:10)\n    at _callCircusTest (C:\\Users\\ArulJothyJ\\.gemini\\antigravity\\scratch\\cmd-table\\node_modules\\jest-circus\\build\\run.js:316:40)\n    at processTicksAndRejections (node:internal/process/task_queues:105:5)\n    at _runTest (C:\\Users\\ArulJothyJ\\.gemini\\antigravity\\scratch\\cmd-table\\node_modules\\jest-circus\\build\\run.js:252:3)\n    at _runTestsForDescribeBlock (C:\\Users\\ArulJothyJ\\.gemini\\antigravity\\scratch\\cmd-table\\node_modules\\jest-circus\\build\\run.js:126:9)\n    at _runTestsForDescribeBlock (C:\\Users\\ArulJothyJ\\.gemini\\antigravity\\scratch\\cmd-table\\node_modules\\jest-circus\\build\\run.js:121:9)\n    at run (C:\\Users\\ArulJothyJ\\.gemini\\antigravity\\scratch\\cmd-table\\node_modules\\jest-circus\\build\\run.js:71:3)\n    at runAndTransformResultsToJestFormat (C:\\Users\\ArulJothyJ\\.gemini\\antigravity\\scratch\\cmd-table\\node_modules\\jest-circus\\build\\legacy-code-todo-rewrite\\jestAdapterInit.js:122:21)\n    at jestAdapter (C:\\Users\\ArulJothyJ\\.gemini\\antigravity\\scratch\\cmd-table\\node_modules\\jest-circus\\build\\legacy-code-todo-rewrite\\jestAdapter.js:79:19)\n    at runTestInternal (C:\\Users\\ArulJothyJ\\.gemini\\antigravity\\scratch\\cmd-table\\node_modules\\jest-runner\\build\\runTest.js:367:16)\n    at runTest (C:\\Users\\ArulJothyJ\\.gemini\\antigravity\\scratch\\cmd-table\\node_modules\\jest-runner\\build\\runTest.js:444:34)"],"fullName":"Table.compare() relies on array index for matching if no primaryKey is provided","invocations":1,"location":null,"numPassingAsserts":3,"retryReasons":[],"status":"failed","title":"relies on array index for matching if no primaryKey is provided"}],"endTime":1773077864711,"message":"\u001b[1m\u001b[31m  \u001b[1m● \u001b[22m\u001b[1mTable.compare() › returns exact same data when there are no changes\u001b[39m\u001b[22m\n\n    \u001b[2mexpect(\u001b[22m\u001b[31mreceived\u001b[39m\u001b[2m).\u001b[22mnot\u001b[2m.\u001b[22mtoContain\u001b[2m(\u001b[22m\u001b[32mexpected\u001b[39m\u001b[2m) // indexOf\u001b[22m\n\n    Expected substring: not \u001b[32m\"\u001b[\"\u001b[39m\n    Received string:        \u001b[31m\"╭────┬─────────┬──────────╮\u001b[39m\n    \u001b[31m│ \u001b[7m\u001b[\u001b[27m35mid\u001b[39m\u001b[31m │ \u001b[35mname   \u001b[39m\u001b[31m │ \u001b[35mrole    \u001b[39m\u001b[31m │\u001b[39m\n    \u001b[31m├────┼─────────┼──────────┤\u001b[39m\n    \u001b[31m│ \u001b[36m1 \u001b[39m\u001b[31m │ Alice   │ Engineer │\u001b[39m\n    \u001b[31m├────┼─────────┼──────────┤\u001b[39m\n    \u001b[31m│ \u001b[36m2 \u001b[39m\u001b[31m │ Bob     │ Designer │\u001b[39m\n    \u001b[31m├────┼─────────┼──────────┤\u001b[39m\n    \u001b[31m│ \u001b[36m3 \u001b[39m\u001b[31m │ Charlie │ Manager  │\u001b[39m\n    \u001b[31m╰────┴─────────┴──────────╯\"\u001b[39m\n\u001b[2m\u001b[22m\n\u001b[2m    \u001b[0m \u001b[90m 22 |\u001b[39m         expect(stripped)\u001b[33m.\u001b[39mtoContain(\u001b[32m'Charlie'\u001b[39m)\u001b[33m;\u001b[39m\u001b[22m\n\u001b[2m     \u001b[90m 23 |\u001b[39m         \u001b[90m// No ANSI colors should be present\u001b[39m\u001b[22m\n\u001b[2m    \u001b[31m\u001b[1m>\u001b[22m\u001b[2m\u001b[39m\u001b[90m 24 |\u001b[39m         expect(output)\u001b[33m.\u001b[39mnot\u001b[33m.\u001b[39mtoContain(\u001b[32m'\\u001b['\u001b[39m)\u001b[33m;\u001b[39m\u001b[22m\n\u001b[2m     \u001b[90m    |\u001b[39m                            \u001b[31m\u001b[1m^\u001b[22m\u001b[2m\u001b[39m\u001b[22m\n\u001b[2m     \u001b[90m 25 |\u001b[39m     })\u001b[33m;\u001b[39m\u001b[22m\n\u001b[2m     \u001b[90m 26 |\u001b[39m\u001b[22m\n\u001b[2m     \u001b[90m 27 |\u001b[39m     test(\u001b[32m'highlights added and removed rows correctly by primaryKey'\u001b[39m\u001b[33m,\u001b[39m () \u001b[33m=>\u001b[39m {\u001b[0m\u001b[22m\n\u001b[2m\u001b[22m\n\u001b[2m      \u001b[2mat Object.<anonymous> (\u001b[22m\u001b[2m\u001b[0m\u001b[36mtests/diff.test.ts\u001b[39m\u001b[0m\u001b[2m:24:28)\u001b[22m\u001b[2m\u001b[22m\n\n\u001b[1m\u001b[31m  \u001b[1m● \u001b[22m\u001b[1mTable.compare() › highlights added and removed rows correctly by primaryKey\u001b[39m\u001b[22m\n\n    \u001b[2mexpect(\u001b[22m\u001b[31mreceived\u001b[39m\u001b[2m).\u001b[22mtoContain\u001b[2m(\u001b[22m\u001b[32mexpected\u001b[39m\u001b[2m) // indexOf\u001b[22m\n\n    Expected substring: \u001b[32m\"\u001b[31m\"\u001b[39m\n    Received string:    \u001b[31m\"╭────┬─────────┬──────────╮\u001b[39m\n    \u001b[31m│ \u001b[35mid\u001b[39m\u001b[31m │ \u001b[35mname   \u001b[39m\u001b[31m │ \u001b[35mrole    \u001b[39m\u001b[31m │\u001b[39m\n    \u001b[31m├────┼─────────┼──────────┤\u001b[39m\n    \u001b[31m│ \u001b[36m1 \u001b[39m\u001b[31m │ Alice   │ Engineer │\u001b[39m\n    \u001b[31m├────┼─────────┼──────────┤\u001b[39m\n    \u001b[31m│ \u001b[36m2 \u001b[39m\u001b[31m │ Bob     │ Designer │\u001b[39m\n    \u001b[31m├────┼─────────┼──────────┤\u001b[39m\n    \u001b[31m│ \u001b[36m3 \u001b[39m\u001b[31m │ Charlie │ Manager  │\u001b[39m\n    \u001b[31m├────┼─────────┼──────────┤\u001b[39m\n    \u001b[31m│ \u001b[36m4 \u001b[39m\u001b[31m │ Diana   │ Product  │\u001b[39m\n    \u001b[31m╰────┴─────────┴──────────╯\"\u001b[39m\n\u001b[2m\u001b[22m\n\u001b[2m    \u001b[0m \u001b[90m 41 |\u001b[39m\u001b[22m\n\u001b[2m     \u001b[90m 42 |\u001b[39m         \u001b[90m// Look for the specific color codes in the raw output\u001b[39m\u001b[22m\n\u001b[2m    \u001b[31m\u001b[1m>\u001b[22m\u001b[2m\u001b[39m\u001b[90m 43 |\u001b[39m         expect(output)\u001b[33m.\u001b[39mtoContain(\u001b[32m'\\u001b[31m'\u001b[39m)\u001b[33m;\u001b[39m \u001b[90m// Red for removed row\u001b[39m\u001b[22m\n\u001b[2m     \u001b[90m    |\u001b[39m                        \u001b[31m\u001b[1m^\u001b[22m\u001b[2m\u001b[39m\u001b[22m\n\u001b[2m     \u001b[90m 44 |\u001b[39m         expect(output)\u001b[33m.\u001b[39mtoContain(\u001b[32m'\\u001b[32m'\u001b[39m)\u001b[33m;\u001b[39m \u001b[90m// Green for added row\u001b[39m\u001b[22m\n\u001b[2m     \u001b[90m 45 |\u001b[39m     })\u001b[33m;\u001b[39m\u001b[22m\n\u001b[2m     \u001b[90m 46 |\u001b[39m\u001b[0m\u001b[22m\n\u001b[2m\u001b[22m\n\u001b[2m      \u001b[2mat Object.<anonymous> (\u001b[22m\u001b[2m\u001b[0m\u001b[36mtests/diff.test.ts\u001b[39m\u001b[0m\u001b[2m:43:24)\u001b[22m\u001b[2m\u001b[22m\n\n\u001b[1m\u001b[31m  \u001b[1m● \u001b[22m\u001b[1mTable.compare() › highlights modified cells in yellow based on primaryKey\u001b[39m\u001b[22m\n\n    \u001b[2mexpect(\u001b[22m\u001b[31mreceived\u001b[39m\u001b[2m).\u001b[22mtoContain\u001b[2m(\u001b[22m\u001b[32mexpected\u001b[39m\u001b[2m) // indexOf\u001b[22m\n\n    Expected substring: \u001b[32m\"\u001b[33m\"\u001b[39m\n    Received string:    \u001b[31m\"╭────┬───────┬──────────────────────────╮\u001b[39m\n    \u001b[31m│ \u001b[35mid\u001b[39m\u001b[31m │ \u001b[35mname \u001b[39m\u001b[31m │ \u001b[35mrole                    \u001b[39m\u001b[31m │\u001b[39m\n    \u001b[31m├────┼───────┼──────────────────────────┤\u001b[39m\n    \u001b[31m│ \u001b[36m1 \u001b[39m\u001b[31m │ Alice │ Engineer → Lead Engineer │\u001b[39m\n    \u001b[31m╰────┴───────┴──────────────────────────╯\"\u001b[39m\n\u001b[2m\u001b[22m\n\u001b[2m    \u001b[0m \u001b[90m 62 |\u001b[39m         \u001b[90m// Alice's role change should be present and output should contain yellow code\u001b[39m\u001b[22m\n\u001b[2m     \u001b[90m 63 |\u001b[39m         expect(stripped)\u001b[33m.\u001b[39mtoContain(\u001b[32m'Engineer → Lead Engineer'\u001b[39m)\u001b[33m;\u001b[39m\u001b[22m\n\u001b[2m    \u001b[31m\u001b[1m>\u001b[22m\u001b[2m\u001b[39m\u001b[90m 64 |\u001b[39m         expect(output)\u001b[33m.\u001b[39mtoContain(\u001b[32m'\\u001b[33m'\u001b[39m)\u001b[33m;\u001b[39m\u001b[22m\n\u001b[2m     \u001b[90m    |\u001b[39m                        \u001b[31m\u001b[1m^\u001b[22m\u001b[2m\u001b[39m\u001b[22m\n\u001b[2m     \u001b[90m 65 |\u001b[39m     })\u001b[33m;\u001b[39m\u001b[22m\n\u001b[2m     \u001b[90m 66 |\u001b[39m\u001b[22m\n\u001b[2m     \u001b[90m 67 |\u001b[39m     test(\u001b[32m'relies on array index for matching if no primaryKey is provided'\u001b[39m\u001b[33m,\u001b[39m () \u001b[33m=>\u001b[39m {\u001b[0m\u001b[22m\n\u001b[2m\u001b[22m\n\u001b[2m      \u001b[2mat Object.<anonymous> (\u001b[22m\u001b[2m\u001b[0m\u001b[36mtests/diff.test.ts\u001b[39m\u001b[0m\u001b[2m:64:24)\u001b[22m\u001b[2m\u001b[22m\n\n\u001b[1m\u001b[31m  \u001b[1m● \u001b[22m\u001b[1mTable.compare() › relies on array index for matching if no primaryKey is provided\u001b[39m\u001b[22m\n\n    \u001b[2mexpect(\u001b[22m\u001b[31mreceived\u001b[39m\u001b[2m).\u001b[22mtoContain\u001b[2m(\u001b[22m\u001b[32mexpected\u001b[39m\u001b[2m) // indexOf\u001b[22m\n\n    Expected substring: \u001b[32m\"\u001b[33m\"\u001b[39m\n    Received string:    \u001b[31m\"╭────────┬───────────────┬───────────────────╮\u001b[39m\n    \u001b[31m│ \u001b[35mid    \u001b[39m\u001b[31m │ \u001b[35mname         \u001b[39m\u001b[31m │ \u001b[35mrole             \u001b[39m\u001b[31m │\u001b[39m\n    \u001b[31m├────────┼───────────────┼───────────────────┤\u001b[39m\n    \u001b[31m│ \u001b[36m1     \u001b[39m\u001b[31m │ Alice         │ Engineer          │\u001b[39m\n    \u001b[31m├────────┼───────────────┼───────────────────┤\u001b[39m\n    \u001b[31m│ \u001b[36m2 → 99\u001b[39m\u001b[31m │ Bob → New Guy │ Designer → Intern │\u001b[39m\n    \u001b[31m├────────┼───────────────┼───────────────────┤\u001b[39m\n    \u001b[31m│ \u001b[36m3     \u001b[39m\u001b[31m │ Charlie       │ Manager           │\u001b[39m\n    \u001b[31m╰────────┴───────────────┴───────────────────╯\"\u001b[39m\n\u001b[2m\u001b[22m\n\u001b[2m    \u001b[0m \u001b[90m 80 |\u001b[39m         expect(stripped)\u001b[33m.\u001b[39mtoContain(\u001b[32m'Bob → New Guy'\u001b[39m)\u001b[33m;\u001b[39m \u001b[90m// Name change\u001b[39m\u001b[22m\n\u001b[2m     \u001b[90m 81 |\u001b[39m         expect(stripped)\u001b[33m.\u001b[39mtoContain(\u001b[32m'Designer → Intern'\u001b[39m)\u001b[33m;\u001b[39m \u001b[90m// Role change\u001b[39m\u001b[22m\n\u001b[2m    \u001b[31m\u001b[1m>\u001b[22m\u001b[2m\u001b[39m\u001b[90m 82 |\u001b[39m         expect(output)\u001b[33m.\u001b[39mtoContain(\u001b[32m'\\u001b[33m'\u001b[39m)\u001b[33m;\u001b[39m \u001b[90m// Should contain yellows for modified\u001b[39m\u001b[22m\n\u001b[2m     \u001b[90m    |\u001b[39m                        \u001b[31m\u001b[1m^\u001b[22m\u001b[2m\u001b[39m\u001b[22m\n\u001b[2m     \u001b[90m 83 |\u001b[39m     })\u001b[33m;\u001b[39m\u001b[22m\n\u001b[2m     \u001b[90m 84 |\u001b[39m })\u001b[33m;\u001b[39m\u001b[22m\n\u001b[2m     \u001b[90m 85 |\u001b[39m\u001b[0m\u001b[22m\n\u001b[2m\u001b[22m\n\u001b[2m      \u001b[2mat Object.<anonymous> (\u001b[22m\u001b[2m\u001b[0m\u001b[36mtests/diff.test.ts\u001b[39m\u001b[0m\u001b[2m:82:24)\u001b[22m\u001b[2m\u001b[22m\n","name":"C:\\Users\\ArulJothyJ\\.gemini\\antigravity\\scratch\\cmd-table\\tests\\diff.test.ts","startTime":1773077863756,"status":"failed","summary":""}],"wasInterrupted":false,"coverageMap":{"C:\\Users\\ArulJothyJ\\.gemini\\antigravity\\scratch\\cmd-table\\src\\Table.ts":{"path":"C:\\Users\\ArulJothyJ\\.gemini\\antigravity\\scratch\\cmd-table\\src\\Table.ts","statementMap":{"0":{"start":{"line":1,"column":0},"end":{"line":1,"column":50}},"1":{"start":{"line":2,"column":0},"end":{"line":2,"column":28}},"2":{"start":{"line":3,"column":0},"end":{"line":3,"column":60}},"3":{"start":{"line":4,"column":0},"end":{"line":4,"column":66}},"4":{"start":{"line":5,"column":0},"end":{"line":5,"column":56}},"5":{"start":{"line":6,"column":0},"end":{"line":6,"column":56}},"6":{"start":{"line":7,"column":0},"end":{"line":7,"column":64}},"7":{"start":{"line":8,"column":0},"end":{"line":8,"column":70}},"8":{"start":{"line":9,"column":0},"end":{"line":9,"column":42}},"9":{"start":{"line":50,"column":9},"end":{"line":50,"column":32}},"10":{"start":{"line":51,"column":9},"end":{"line":51,"column":26}},"11":{"start":{"line":53,"column":9},"end":{"line":53,"column":34}},"12":{"start":{"line":55,"column":9},"end":{"line":55,"column":60}},"13":{"start":{"line":56,"column":9},"end":{"line":56,"column":32}},"14":{"start":{"line":57,"column":9},"end":{"line":57,"column":70}},"15":{"start":{"line":64,"column":4},"end":{"line":64,"column":48}},"16":{"start":{"line":65,"column":4},"end":{"line":65,"column":44}},"17":{"start":{"line":66,"column":4},"end":{"line":66,"column":47}},"18":{"start":{"line":67,"column":4},"end":{"line":67,"column":59}},"19":{"start":{"line":68,"column":4},"end":{"line":68,"column":40}},"20":{"start":{"line":69,"column":4},"end":{"line":69,"column":51}},"21":{"start":{"line":70,"column":4},"end":{"line":70,"column":56}},"22":{"start":{"line":71,"column":4},"end":{"line":71,"column":37}},"23":{"start":{"line":72,"column":4},"end":{"line":72,"column":57}},"24":{"start":{"line":73,"column":4},"end":{"line":75,"column":5}},"25":{"start":{"line":74,"column":6},"end":{"line":74,"column":60}},"26":{"start":{"line":74,"column":39},"end":{"line":74,"column":58}},"27":{"start":{"line":79,"column":23},"end":{"line":79,"column":94}},"28":{"start":{"line":82,"column":4},"end":{"line":84,"column":5}},"29":{"start":{"line":83,"column":6},"end":{"line":83,"column":32}},"30":{"start":{"line":86,"column":16},"end":{"line":86,"column":38}},"31":{"start":{"line":87,"column":4},"end":{"line":87,"column":27}},"32":{"start":{"line":88,"column":4},"end":{"line":88,"column":15}},"33":{"start":{"line":92,"column":4},"end":{"line":92,"column":22}},"34":{"start":{"line":93,"column":4},"end":{"line":93,"column":56}},"35":{"start":{"line":93,"column":32},"end":{"line":93,"column":54}},"36":{"start":{"line":94,"column":4},"end":{"line":94,"column":16}},"37":{"start":{"line":98,"column":16},"end":{"line":98,"column":35}},"38":{"start":{"line":99,"column":4},"end":{"line":99,"column":24}},"39":{"start":{"line":100,"column":4},"end":{"line":100,"column":15}},"40":{"start":{"line":104,"column":4},"end":{"line":104,"column":44}},"41":{"start":{"line":104,"column":26},"end":{"line":104,"column":42}},"42":{"start":{"line":105,"column":4},"end":{"line":105,"column":16}},"43":{"start":{"line":109,"column":4},"end":{"line":109,"column":25}},"44":{"start":{"line":110,"column":4},"end":{"line":110,"column":16}},"45":{"start":{"line":115,"column":6},"end":{"line":115,"column":74}},"46":{"start":{"line":116,"column":4},"end":{"line":128,"column":7}},"47":{"start":{"line":117,"column":23},"end":{"line":117,"column":87}},"48":{"start":{"line":117,"column":53},"end":{"line":117,"column":86}},"49":{"start":{"line":118,"column":6},"end":{"line":118,"column":31}},"50":{"start":{"line":118,"column":24},"end":{"line":118,"column":31}},"51":{"start":{"line":119,"column":21},"end":{"line":121,"column":50}},"52":{"start":{"line":120,"column":22},"end":{"line":120,"column":58}},"53":{"start":{"line":121,"column":27},"end":{"line":121,"column":49}},"54":{"start":{"line":122,"column":6},"end":{"line":127,"column":60}},"55":{"start":{"line":122,"column":26},"end":{"line":122,"column":55}},"56":{"start":{"line":123,"column":11},"end":{"line":127,"column":60}},"57":{"start":{"line":124,"column":8},"end":{"line":126,"column":14}},"58":{"start":{"line":125,"column":44},"end":{"line":125,"column":49}},"59":{"start":{"line":127,"column":11},"end":{"line":127,"column":60}},"60":{"start":{"line":127,"column":50},"end":{"line":127,"column":55}},"61":{"start":{"line":129,"column":4},"end":{"line":129,"column":25}},"62":{"start":{"line":130,"column":4},"end":{"line":130,"column":16}},"63":{"start":{"line":134,"column":18},"end":{"line":134,"column":52}},"64":{"start":{"line":135,"column":16},"end":{"line":135,"column":32}},"65":{"start":{"line":136,"column":17},"end":{"line":144,"column":6}},"66":{"start":{"line":143,"column":45},"end":{"line":143,"column":58}},"67":{"start":{"line":145,"column":4},"end":{"line":145,"column":44}},"68":{"start":{"line":146,"column":4},"end":{"line":146,"column":30}},"69":{"start":{"line":147,"column":4},"end":{"line":147,"column":16}},"70":{"start":{"line":151,"column":21},"end":{"line":151,"column":41}},"71":{"start":{"line":152,"column":4},"end":{"line":152,"column":33}},"72":{"start":{"line":156,"column":27},"end":{"line":156,"column":29}},"73":{"start":{"line":157,"column":23},"end":{"line":157,"column":61}},"74":{"start":{"line":158,"column":4},"end":{"line":160,"column":5}},"75":{"start":{"line":158,"column":17},"end":{"line":158,"column":18}},"76":{"start":{"line":159,"column":6},"end":{"line":159,"column":45}},"77":{"start":{"line":161,"column":4},"end":{"line":161,"column":17}},"78":{"start":{"line":165,"column":4},"end":{"line":177,"column":5}},"79":{"start":{"line":167,"column":8},"end":{"line":167,"column":67}},"80":{"start":{"line":169,"column":8},"end":{"line":169,"column":47}},"81":{"start":{"line":171,"column":8},"end":{"line":171,"column":47}},"82":{"start":{"line":174,"column":8},"end":{"line":174,"column":51}},"83":{"start":{"line":176,"column":8},"end":{"line":176,"column":60}},"84":{"start":{"line":181,"column":18},"end":{"line":187,"column":6}},"85":{"start":{"line":188,"column":4},"end":{"line":188,"column":83}},"86":{"start":{"line":188,"column":53},"end":{"line":188,"column":81}},"87":{"start":{"line":189,"column":4},"end":{"line":189,"column":17}},"88":{"start":{"line":193,"column":21},"end":{"line":193,"column":97}},"89":{"start":{"line":193,"column":51},"end":{"line":193,"column":96}},"90":{"start":{"line":194,"column":4},"end":{"line":194,"column":37}},"91":{"start":{"line":194,"column":25},"end":{"line":194,"column":37}},"92":{"start":{"line":196,"column":4},"end":{"line":219,"column":7}},"93":{"start":{"line":197,"column":20},"end":{"line":197,"column":37}},"94":{"start":{"line":198,"column":20},"end":{"line":198,"column":37}},"95":{"start":{"line":199,"column":19},"end":{"line":199,"column":45}},"96":{"start":{"line":200,"column":19},"end":{"line":200,"column":45}},"97":{"start":{"line":202,"column":6},"end":{"line":202,"column":34}},"98":{"start":{"line":202,"column":25},"end":{"line":202,"column":34}},"99":{"start":{"line":203,"column":6},"end":{"line":203,"column":56}},"100":{"start":{"line":203,"column":47},"end":{"line":203,"column":56}},"101":{"start":{"line":204,"column":6},"end":{"line":204,"column":57}},"102":{"start":{"line":204,"column":47},"end":{"line":204,"column":57}},"103":{"start":{"line":206,"column":19},"end":{"line":206,"column":31}},"104":{"start":{"line":207,"column":19},"end":{"line":207,"column":31}},"105":{"start":{"line":209,"column":6},"end":{"line":211,"column":7}},"106":{"start":{"line":210,"column":8},"end":{"line":210,"column":63}},"107":{"start":{"line":213,"column":19},"end":{"line":213,"column":45}},"108":{"start":{"line":214,"column":19},"end":{"line":214,"column":45}},"109":{"start":{"line":216,"column":6},"end":{"line":216,"column":59}},"110":{"start":{"line":216,"column":23},"end":{"line":216,"column":59}},"111":{"start":{"line":217,"column":6},"end":{"line":217,"column":59}},"112":{"start":{"line":217,"column":23},"end":{"line":217,"column":59}},"113":{"start":{"line":218,"column":6},"end":{"line":218,"column":15}},"114":{"start":{"line":221,"column":4},"end":{"line":221,"column":16}},"115":{"start":{"line":230,"column":18},"end":{"line":236,"column":6}},"116":{"start":{"line":234,"column":42},"end":{"line":234,"column":87}},"117":{"start":{"line":238,"column":4},"end":{"line":243,"column":7}},"118":{"start":{"line":239,"column":6},"end":{"line":242,"column":9}},"119":{"start":{"line":245,"column":4},"end":{"line":245,"column":17}},"120":{"start":{"line":259,"column":63},"end":{"line":259,"column":70}},"121":{"start":{"line":260,"column":22},"end":{"line":260,"column":42}},"122":{"start":{"line":263,"column":20},"end":{"line":263,"column":37}},"123":{"start":{"line":264,"column":4},"end":{"line":264,"column":95}},"124":{"start":{"line":264,"column":46},"end":{"line":264,"column":93}},"125":{"start":{"line":264,"column":78},"end":{"line":264,"column":92}},"126":{"start":{"line":266,"column":4},"end":{"line":266,"column":45}},"127":{"start":{"line":266,"column":28},"end":{"line":266,"column":45}},"128":{"start":{"line":268,"column":4},"end":{"line":268,"column":55}},"129":{"start":{"line":268,"column":29},"end":{"line":268,"column":53}},"130":{"start":{"line":270,"column":32},"end":{"line":270,"column":49}},"131":{"start":{"line":271,"column":32},"end":{"line":271,"column":49}},"132":{"start":{"line":273,"column":26},"end":{"line":297,"column":5}},"133":{"start":{"line":274,"column":25},"end":{"line":274,"column":81}},"134":{"start":{"line":274,"column":57},"end":{"line":274,"column":80}},"135":{"start":{"line":276,"column":6},"end":{"line":276,"column":48}},"136":{"start":{"line":276,"column":41},"end":{"line":276,"column":48}},"137":{"start":{"line":278,"column":6},"end":{"line":281,"column":7}},"138":{"start":{"line":279,"column":8},"end":{"line":279,"column":33}},"139":{"start":{"line":280,"column":8},"end":{"line":280,"column":15}},"140":{"start":{"line":284,"column":43},"end":{"line":284,"column":45}},"141":{"start":{"line":285,"column":6},"end":{"line":295,"column":9}},"142":{"start":{"line":286,"column":23},"end":{"line":286,"column":40}},"143":{"start":{"line":287,"column":23},"end":{"line":287,"column":40}},"144":{"start":{"line":289,"column":8},"end":{"line":294,"column":9}},"145":{"start":{"line":291,"column":10},"end":{"line":291,"column":77}},"146":{"start":{"line":293,"column":10},"end":{"line":293,"column":32}},"147":{"start":{"line":296,"column":6},"end":{"line":296,"column":32}},"148":{"start":{"line":299,"column":4},"end":{"line":347,"column":5}},"149":{"start":{"line":301,"column":6},"end":{"line":316,"column":9}},"150":{"start":{"line":302,"column":24},"end":{"line":302,"column":42}},"151":{"start":{"line":303,"column":23},"end":{"line":303,"column":74}},"152":{"start":{"line":303,"column":48},"end":{"line":303,"column":73}},"153":{"start":{"line":305,"column":8},"end":{"line":315,"column":9}},"154":{"start":{"line":306,"column":10},"end":{"line":306,"column":49}},"155":{"start":{"line":307,"column":10},"end":{"line":307,"column":42}},"156":{"start":{"line":308,"column":10},"end":{"line":308,"column":42}},"157":{"start":{"line":311,"column":43},"end":{"line":311,"column":45}},"158":{"start":{"line":312,"column":10},"end":{"line":312,"column":86}},"159":{"start":{"line":312,"column":34},"end":{"line":312,"column":83}},"160":{"start":{"line":313,"column":10},"end":{"line":313,"column":32}},"161":{"start":{"line":314,"column":10},"end":{"line":314,"column":42}},"162":{"start":{"line":319,"column":6},"end":{"line":325,"column":9}},"163":{"start":{"line":320,"column":8},"end":{"line":324,"column":9}},"164":{"start":{"line":321,"column":43},"end":{"line":321,"column":45}},"165":{"start":{"line":322,"column":10},"end":{"line":322,"column":88}},"166":{"start":{"line":322,"column":34},"end":{"line":322,"column":85}},"167":{"start":{"line":323,"column":10},"end":{"line":323,"column":32}},"168":{"start":{"line":328,"column":24},"end":{"line":328,"column":64}},"169":{"start":{"line":329,"column":6},"end":{"line":346,"column":7}},"170":{"start":{"line":329,"column":19},"end":{"line":329,"column":20}},"171":{"start":{"line":330,"column":23},"end":{"line":330,"column":33}},"172":{"start":{"line":331,"column":23},"end":{"line":331,"column":33}},"173":{"start":{"line":333,"column":8},"end":{"line":345,"column":9}},"174":{"start":{"line":334,"column":10},"end":{"line":334,"column":40}},"175":{"start":{"line":335,"column":15},"end":{"line":345,"column":9}},"176":{"start":{"line":337,"column":43},"end":{"line":337,"column":45}},"177":{"start":{"line":338,"column":10},"end":{"line":338,"column":86}},"178":{"start":{"line":338,"column":34},"end":{"line":338,"column":83}},"179":{"start":{"line":339,"column":10},"end":{"line":339,"column":32}},"180":{"start":{"line":340,"column":15},"end":{"line":345,"column":9}},"181":{"start":{"line":342,"column":43},"end":{"line":342,"column":45}},"182":{"start":{"line":343,"column":10},"end":{"line":343,"column":88}},"183":{"start":{"line":343,"column":34},"end":{"line":343,"column":85}},"184":{"start":{"line":344,"column":10},"end":{"line":344,"column":32}},"185":{"start":{"line":349,"column":4},"end":{"line":349,"column":21}},"186":{"start":{"line":353,"column":24},"end":{"line":370,"column":5}},"187":{"start":{"line":354,"column":22},"end":{"line":354,"column":33}},"188":{"start":{"line":355,"column":6},"end":{"line":355,"column":30}},"189":{"start":{"line":358,"column":6},"end":{"line":361,"column":7}},"190":{"start":{"line":359,"column":23},"end":{"line":359,"column":84}},"191":{"start":{"line":360,"column":8},"end":{"line":360,"column":61}},"192":{"start":{"line":363,"column":6},"end":{"line":363,"column":27}},"193":{"start":{"line":365,"column":6},"end":{"line":369,"column":7}},"194":{"start":{"line":366,"column":8},"end":{"line":368,"column":11}},"195":{"start":{"line":367,"column":10},"end":{"line":367,"column":40}},"196":{"start":{"line":372,"column":4},"end":{"line":372,"column":50}},"197":{"start":{"line":372,"column":28},"end":{"line":372,"column":48}},"198":{"start":{"line":376,"column":23},"end":{"line":380,"column":37}},"199":{"start":{"line":378,"column":25},"end":{"line":378,"column":89}},"200":{"start":{"line":378,"column":55},"end":{"line":378,"column":88}},"201":{"start":{"line":379,"column":25},"end":{"line":379,"column":31}},"202":{"start":{"line":380,"column":35},"end":{"line":380,"column":36}},"203":{"start":{"line":382,"column":4},"end":{"line":382,"column":40}},"204":{"start":{"line":382,"column":33},"end":{"line":382,"column":40}},"205":{"start":{"line":384,"column":4},"end":{"line":397,"column":7}},"206":{"start":{"line":385,"column":21},"end":{"line":385,"column":50}},"207":{"start":{"line":387,"column":6},"end":{"line":396,"column":7}},"208":{"start":{"line":387,"column":19},"end":{"line":387,"column":20}},"209":{"start":{"line":388,"column":28},"end":{"line":388,"column":56}},"210":{"start":{"line":390,"column":8},"end":{"line":395,"column":9}},"211":{"start":{"line":391,"column":10},"end":{"line":391,"column":57}},"212":{"start":{"line":392,"column":10},"end":{"line":392,"column":36}},"213":{"start":{"line":394,"column":10},"end":{"line":394,"column":33}},"214":{"start":{"line":422,"column":41},"end":{"line":425,"column":6}},"215":{"start":{"line":424,"column":34},"end":{"line":424,"column":76}},"216":{"start":{"line":427,"column":23},"end":{"line":431,"column":6}},"217":{"start":{"line":433,"column":4},"end":{"line":439,"column":7}},"218":{"start":{"line":434,"column":43},"end":{"line":434,"column":62}},"219":{"start":{"line":435,"column":6},"end":{"line":437,"column":9}},"220":{"start":{"line":436,"column":8},"end":{"line":436,"column":73}},"221":{"start":{"line":438,"column":6},"end":{"line":438,"column":33}},"222":{"start":{"line":441,"column":4},"end":{"line":441,"column":22}},"223":{"start":{"line":49,"column":0},"end":{"line":49,"column":13}}},"fnMap":{"0":{"name":"(anonymous_0)","decl":{"start":{"line":63,"column":2},"end":{"line":63,"column":14}},"loc":{"start":{"line":63,"column":41},"end":{"line":76,"column":3}}},"1":{"name":"(anonymous_1)","decl":{"start":{"line":74,"column":30},"end":{"line":74,"column":31}},"loc":{"start":{"line":74,"column":39},"end":{"line":74,"column":58}}},"2":{"name":"(anonymous_2)","decl":{"start":{"line":78,"column":9},"end":{"line":78,"column":18}},"loc":{"start":{"line":78,"column":51},"end":{"line":89,"column":3}}},"3":{"name":"(anonymous_3)","decl":{"start":{"line":91,"column":9},"end":{"line":91,"column":19}},"loc":{"start":{"line":91,"column":59},"end":{"line":95,"column":3}}},"4":{"name":"(anonymous_4)","decl":{"start":{"line":93,"column":20},"end":{"line":93,"column":21}},"loc":{"start":{"line":93,"column":32},"end":{"line":93,"column":54}}},"5":{"name":"(anonymous_5)","decl":{"start":{"line":97,"column":9},"end":{"line":97,"column":15}},"loc":{"start":{"line":97,"column":49},"end":{"line":101,"column":3}}},"6":{"name":"(anonymous_6)","decl":{"start":{"line":103,"column":9},"end":{"line":103,"column":16}},"loc":{"start":{"line":103,"column":57},"end":{"line":106,"column":3}}},"7":{"name":"(anonymous_7)","decl":{"start":{"line":104,"column":17},"end":{"line":104,"column":18}},"loc":{"start":{"line":104,"column":26},"end":{"line":104,"column":42}}},"8":{"name":"(anonymous_8)","decl":{"start":{"line":108,"column":9},"end":{"line":108,"column":18}},"loc":{"start":{"line":108,"column":54},"end":{"line":111,"column":3}}},"9":{"name":"(anonymous_9)","decl":{"start":{"line":113,"column":9},"end":{"line":113,"column":18}},"loc":{"start":{"line":113,"column":73},"end":{"line":131,"column":3}}},"10":{"name":"(anonymous_10)","decl":{"start":{"line":116,"column":20},"end":{"line":116,"column":21}},"loc":{"start":{"line":116,"column":29},"end":{"line":128,"column":5}}},"11":{"name":"(anonymous_11)","decl":{"start":{"line":117,"column":46},"end":{"line":117,"column":47}},"loc":{"start":{"line":117,"column":53},"end":{"line":117,"column":86}}},"12":{"name":"(anonymous_12)","decl":{"start":{"line":120,"column":13},"end":{"line":120,"column":14}},"loc":{"start":{"line":120,"column":22},"end":{"line":120,"column":58}}},"13":{"name":"(anonymous_13)","decl":{"start":{"line":121,"column":16},"end":{"line":121,"column":17}},"loc":{"start":{"line":121,"column":27},"end":{"line":121,"column":49}}},"14":{"name":"(anonymous_14)","decl":{"start":{"line":125,"column":34},"end":{"line":125,"column":35}},"loc":{"start":{"line":125,"column":44},"end":{"line":125,"column":49}}},"15":{"name":"(anonymous_15)","decl":{"start":{"line":127,"column":40},"end":{"line":127,"column":41}},"loc":{"start":{"line":127,"column":50},"end":{"line":127,"column":55}}},"16":{"name":"(anonymous_16)","decl":{"start":{"line":133,"column":9},"end":{"line":133,"column":17}},"loc":{"start":{"line":133,"column":48},"end":{"line":148,"column":3}}},"17":{"name":"(anonymous_17)","decl":{"start":{"line":143,"column":32},"end":{"line":143,"column":33}},"loc":{"start":{"line":143,"column":45},"end":{"line":143,"column":58}}},"18":{"name":"(anonymous_18)","decl":{"start":{"line":150,"column":9},"end":{"line":150,"column":15}},"loc":{"start":{"line":150,"column":15},"end":{"line":153,"column":3}}},"19":{"name":"(anonymous_19)","decl":{"start":{"line":155,"column":9},"end":{"line":155,"column":17}},"loc":{"start":{"line":155,"column":34},"end":{"line":162,"column":3}}},"20":{"name":"(anonymous_20)","decl":{"start":{"line":164,"column":9},"end":{"line":164,"column":15}},"loc":{"start":{"line":164,"column":86},"end":{"line":178,"column":3}}},"21":{"name":"(anonymous_21)","decl":{"start":{"line":180,"column":9},"end":{"line":180,"column":15}},"loc":{"start":{"line":180,"column":85},"end":{"line":190,"column":3}}},"22":{"name":"(anonymous_22)","decl":{"start":{"line":188,"column":35},"end":{"line":188,"column":36}},"loc":{"start":{"line":188,"column":53},"end":{"line":188,"column":81}}},"23":{"name":"(anonymous_23)","decl":{"start":{"line":192,"column":9},"end":{"line":192,"column":13}},"loc":{"start":{"line":192,"column":67},"end":{"line":222,"column":3}}},"24":{"name":"(anonymous_24)","decl":{"start":{"line":193,"column":44},"end":{"line":193,"column":45}},"loc":{"start":{"line":193,"column":51},"end":{"line":193,"column":96}}},"25":{"name":"(anonymous_25)","decl":{"start":{"line":196,"column":19},"end":{"line":196,"column":20}},"loc":{"start":{"line":196,"column":28},"end":{"line":219,"column":5}}},"26":{"name":"(anonymous_26)","decl":{"start":{"line":224,"column":9},"end":{"line":224,"column":15}},"loc":{"start":{"line":228,"column":31},"end":{"line":246,"column":3}}},"27":{"name":"(anonymous_27)","decl":{"start":{"line":234,"column":29},"end":{"line":234,"column":30}},"loc":{"start":{"line":234,"column":42},"end":{"line":234,"column":87}}},"28":{"name":"(anonymous_28)","decl":{"start":{"line":238,"column":17},"end":{"line":238,"column":18}},"loc":{"start":{"line":238,"column":25},"end":{"line":243,"column":5}}},"29":{"name":"(anonymous_29)","decl":{"start":{"line":254,"column":9},"end":{"line":254,"column":15}},"loc":{"start":{"line":257,"column":82},"end":{"line":350,"column":3}}},"30":{"name":"(anonymous_30)","decl":{"start":{"line":264,"column":37},"end":{"line":264,"column":38}},"loc":{"start":{"line":264,"column":46},"end":{"line":264,"column":93}}},"31":{"name":"(anonymous_31)","decl":{"start":{"line":264,"column":71},"end":{"line":264,"column":72}},"loc":{"start":{"line":264,"column":78},"end":{"line":264,"column":92}}},"32":{"name":"(anonymous_32)","decl":{"start":{"line":268,"column":20},"end":{"line":268,"column":21}},"loc":{"start":{"line":268,"column":29},"end":{"line":268,"column":53}}},"33":{"name":"(anonymous_33)","decl":{"start":{"line":273,"column":26},"end":{"line":273,"column":27}},"loc":{"start":{"line":273,"column":87},"end":{"line":297,"column":5}}},"34":{"name":"(anonymous_34)","decl":{"start":{"line":274,"column":50},"end":{"line":274,"column":51}},"loc":{"start":{"line":274,"column":57},"end":{"line":274,"column":80}}},"35":{"name":"(anonymous_35)","decl":{"start":{"line":285,"column":22},"end":{"line":285,"column":23}},"loc":{"start":{"line":285,"column":30},"end":{"line":295,"column":7}}},"36":{"name":"(anonymous_36)","decl":{"start":{"line":301,"column":22},"end":{"line":301,"column":23}},"loc":{"start":{"line":301,"column":41},"end":{"line":316,"column":7}}},"37":{"name":"(anonymous_37)","decl":{"start":{"line":303,"column":41},"end":{"line":303,"column":42}},"loc":{"start":{"line":303,"column":48},"end":{"line":303,"column":73}}},"38":{"name":"(anonymous_38)","decl":{"start":{"line":312,"column":26},"end":{"line":312,"column":27}},"loc":{"start":{"line":312,"column":34},"end":{"line":312,"column":83}}},"39":{"name":"(anonymous_39)","decl":{"start":{"line":319,"column":22},"end":{"line":319,"column":23}},"loc":{"start":{"line":319,"column":41},"end":{"line":325,"column":7}}},"40":{"name":"(anonymous_40)","decl":{"start":{"line":322,"column":26},"end":{"line":322,"column":27}},"loc":{"start":{"line":322,"column":34},"end":{"line":322,"column":85}}},"41":{"name":"(anonymous_41)","decl":{"start":{"line":338,"column":26},"end":{"line":338,"column":27}},"loc":{"start":{"line":338,"column":34},"end":{"line":338,"column":83}}},"42":{"name":"(anonymous_42)","decl":{"start":{"line":343,"column":26},"end":{"line":343,"column":27}},"loc":{"start":{"line":343,"column":34},"end":{"line":343,"column":85}}},"43":{"name":"(anonymous_43)","decl":{"start":{"line":352,"column":9},"end":{"line":352,"column":16}},"loc":{"start":{"line":352,"column":79},"end":{"line":373,"column":3}}},"44":{"name":"(anonymous_44)","decl":{"start":{"line":353,"column":24},"end":{"line":353,"column":25}},"loc":{"start":{"line":353,"column":58},"end":{"line":370,"column":5}}},"45":{"name":"(anonymous_45)","decl":{"start":{"line":366,"column":30},"end":{"line":366,"column":31}},"loc":{"start":{"line":366,"column":40},"end":{"line":368,"column":9}}},"46":{"name":"(anonymous_46)","decl":{"start":{"line":372,"column":18},"end":{"line":372,"column":19}},"loc":{"start":{"line":372,"column":28},"end":{"line":372,"column":48}}},"47":{"name":"(anonymous_47)","decl":{"start":{"line":375,"column":9},"end":{"line":375,"column":22}},"loc":{"start":{"line":375,"column":41},"end":{"line":398,"column":3}}},"48":{"name":"(anonymous_48)","decl":{"start":{"line":378,"column":15},"end":{"line":378,"column":16}},"loc":{"start":{"line":378,"column":25},"end":{"line":378,"column":89}}},"49":{"name":"(anonymous_49)","decl":{"start":{"line":378,"column":48},"end":{"line":378,"column":49}},"loc":{"start":{"line":378,"column":55},"end":{"line":378,"column":88}}},"50":{"name":"(anonymous_50)","decl":{"start":{"line":379,"column":18},"end":{"line":379,"column":19}},"loc":{"start":{"line":379,"column":25},"end":{"line":379,"column":31}}},"51":{"name":"(anonymous_51)","decl":{"start":{"line":380,"column":25},"end":{"line":380,"column":26}},"loc":{"start":{"line":380,"column":35},"end":{"line":380,"column":36}}},"52":{"name":"(anonymous_52)","decl":{"start":{"line":384,"column":23},"end":{"line":384,"column":24}},"loc":{"start":{"line":384,"column":36},"end":{"line":397,"column":5}}},"53":{"name":"(anonymous_53)","decl":{"start":{"line":421,"column":9},"end":{"line":421,"column":18}},"loc":{"start":{"line":421,"column":18},"end":{"line":442,"column":3}}},"54":{"name":"(anonymous_54)","decl":{"start":{"line":424,"column":23},"end":{"line":424,"column":24}},"loc":{"start":{"line":424,"column":34},"end":{"line":424,"column":76}}},"55":{"name":"(anonymous_55)","decl":{"start":{"line":433,"column":25},"end":{"line":433,"column":26}},"loc":{"start":{"line":433,"column":43},"end":{"line":439,"column":5}}},"56":{"name":"(anonymous_56)","decl":{"start":{"line":435,"column":24},"end":{"line":435,"column":25}},"loc":{"start":{"line":435,"column":42},"end":{"line":437,"column":7}}}},"branchMap":{"0":{"loc":{"start":{"line":63,"column":14},"end":{"line":63,"column":41}},"type":"default-arg","locations":[{"start":{"line":63,"column":39},"end":{"line":63,"column":41}}]},"1":{"loc":{"start":{"line":64,"column":17},"end":{"line":64,"column":47}},"type":"binary-expr","locations":[{"start":{"line":64,"column":17},"end":{"line":64,"column":30}},{"start":{"line":64,"column":34},"end":{"line":64,"column":47}}]},"2":{"loc":{"start":{"line":67,"column":26},"end":{"line":67,"column":58}},"type":"binary-expr","locations":[{"start":{"line":67,"column":26},"end":{"line":67,"column":48}},{"start":{"line":67,"column":52},"end":{"line":67,"column":58}}]},"3":{"loc":{"start":{"line":69,"column":24},"end":{"line":69,"column":50}},"type":"binary-expr","locations":[{"start":{"line":69,"column":24},"end":{"line":69,"column":44}},{"start":{"line":69,"column":48},"end":{"line":69,"column":50}}]},"4":{"loc":{"start":{"line":70,"column":23},"end":{"line":70,"column":55}},"type":"binary-expr","locations":[{"start":{"line":70,"column":23},"end":{"line":70,"column":42}},{"start":{"line":70,"column":46},"end":{"line":70,"column":55}}]},"5":{"loc":{"start":{"line":73,"column":4},"end":{"line":75,"column":5}},"type":"if","locations":[{"start":{"line":73,"column":4},"end":{"line":75,"column":5}}]},"6":{"loc":{"start":{"line":79,"column":23},"end":{"line":79,"column":94}},"type":"cond-expr","locations":[{"start":{"line":79,"column":53},"end":{"line":79,"column":84}},{"start":{"line":79,"column":87},"end":{"line":79,"column":94}}]},"7":{"loc":{"start":{"line":82,"column":4},"end":{"line":84,"column":5}},"type":"if","locations":[{"start":{"line":82,"column":4},"end":{"line":84,"column":5}}]},"8":{"loc":{"start":{"line":82,"column":8},"end":{"line":82,"column":67}},"type":"binary-expr","locations":[{"start":{"line":82,"column":8},"end":{"line":82,"column":33}},{"start":{"line":82,"column":37},"end":{"line":82,"column":67}}]},"9":{"loc":{"start":{"line":113,"column":38},"end":{"line":113,"column":73}},"type":"default-arg","locations":[{"start":{"line":113,"column":68},"end":{"line":113,"column":73}}]},"10":{"loc":{"start":{"line":115,"column":6},"end":{"line":115,"column":74}},"type":"cond-expr","locations":[{"start":{"line":115,"column":51},"end":{"line":115,"column":69}},{"start":{"line":115,"column":72},"end":{"line":115,"column":74}}]},"11":{"loc":{"start":{"line":115,"column":6},"end":{"line":115,"column":48}},"type":"binary-expr","locations":[{"start":{"line":115,"column":6},"end":{"line":115,"column":17}},{"start":{"line":115,"column":21},"end":{"line":115,"column":48}}]},"12":{"loc":{"start":{"line":117,"column":53},"end":{"line":117,"column":86}},"type":"binary-expr","locations":[{"start":{"line":117,"column":53},"end":{"line":117,"column":68}},{"start":{"line":117,"column":72},"end":{"line":117,"column":86}}]},"13":{"loc":{"start":{"line":118,"column":6},"end":{"line":118,"column":31}},"type":"if","locations":[{"start":{"line":118,"column":6},"end":{"line":118,"column":31}}]},"14":{"loc":{"start":{"line":122,"column":6},"end":{"line":127,"column":60}},"type":"if","locations":[{"start":{"line":122,"column":6},"end":{"line":127,"column":60}},{"start":{"line":123,"column":11},"end":{"line":127,"column":60}}]},"15":{"loc":{"start":{"line":123,"column":11},"end":{"line":127,"column":60}},"type":"if","locations":[{"start":{"line":123,"column":11},"end":{"line":127,"column":60}},{"start":{"line":127,"column":11},"end":{"line":127,"column":60}}]},"16":{"loc":{"start":{"line":124,"column":23},"end":{"line":126,"column":13}},"type":"cond-expr","locations":[{"start":{"line":125,"column":12},"end":{"line":125,"column":82}},{"start":{"line":126,"column":12},"end":{"line":126,"column":13}}]},"17":{"loc":{"start":{"line":164,"column":69},"end":{"line":164,"column":86}},"type":"default-arg","locations":[{"start":{"line":164,"column":84},"end":{"line":164,"column":86}}]},"18":{"loc":{"start":{"line":165,"column":4},"end":{"line":177,"column":5}},"type":"switch","locations":[{"start":{"line":166,"column":6},"end":{"line":167,"column":67}},{"start":{"line":168,"column":6},"end":{"line":169,"column":47}},{"start":{"line":170,"column":6},"end":{"line":171,"column":47}},{"start":{"line":172,"column":6},"end":{"line":172,"column":16}},{"start":{"line":173,"column":6},"end":{"line":174,"column":51}},{"start":{"line":175,"column":6},"end":{"line":176,"column":60}}]},"19":{"loc":{"start":{"line":180,"column":58},"end":{"line":180,"column":85}},"type":"default-arg","locations":[{"start":{"line":180,"column":83},"end":{"line":180,"column":85}}]},"20":{"loc":{"start":{"line":192,"column":34},"end":{"line":192,"column":67}},"type":"default-arg","locations":[{"start":{"line":192,"column":62},"end":{"line":192,"column":67}}]},"21":{"loc":{"start":{"line":193,"column":51},"end":{"line":193,"column":96}},"type":"binary-expr","locations":[{"start":{"line":193,"column":51},"end":{"line":193,"column":72}},{"start":{"line":193,"column":76},"end":{"line":193,"column":96}}]},"22":{"loc":{"start":{"line":194,"column":4},"end":{"line":194,"column":37}},"type":"if","locations":[{"start":{"line":194,"column":4},"end":{"line":194,"column":37}}]},"23":{"loc":{"start":{"line":199,"column":19},"end":{"line":199,"column":45}},"type":"cond-expr","locations":[{"start":{"line":199,"column":27},"end":{"line":199,"column":40}},{"start":{"line":199,"column":43},"end":{"line":199,"column":45}}]},"24":{"loc":{"start":{"line":200,"column":19},"end":{"line":200,"column":45}},"type":"cond-expr","locations":[{"start":{"line":200,"column":27},"end":{"line":200,"column":40}},{"start":{"line":200,"column":43},"end":{"line":200,"column":45}}]},"25":{"loc":{"start":{"line":202,"column":6},"end":{"line":202,"column":34}},"type":"if","locations":[{"start":{"line":202,"column":6},"end":{"line":202,"column":34}}]},"26":{"loc":{"start":{"line":203,"column":6},"end":{"line":203,"column":56}},"type":"if","locations":[{"start":{"line":203,"column":6},"end":{"line":203,"column":56}}]},"27":{"loc":{"start":{"line":203,"column":10},"end":{"line":203,"column":45}},"type":"binary-expr","locations":[{"start":{"line":203,"column":10},"end":{"line":203,"column":23}},{"start":{"line":203,"column":27},"end":{"line":203,"column":45}}]},"28":{"loc":{"start":{"line":204,"column":6},"end":{"line":204,"column":57}},"type":"if","locations":[{"start":{"line":204,"column":6},"end":{"line":204,"column":57}}]},"29":{"loc":{"start":{"line":204,"column":10},"end":{"line":204,"column":45}},"type":"binary-expr","locations":[{"start":{"line":204,"column":10},"end":{"line":204,"column":23}},{"start":{"line":204,"column":27},"end":{"line":204,"column":45}}]},"30":{"loc":{"start":{"line":209,"column":6},"end":{"line":211,"column":7}},"type":"if","locations":[{"start":{"line":209,"column":6},"end":{"line":211,"column":7}}]},"31":{"loc":{"start":{"line":209,"column":10},"end":{"line":209,"column":38}},"type":"binary-expr","locations":[{"start":{"line":209,"column":10},"end":{"line":209,"column":22}},{"start":{"line":209,"column":26},"end":{"line":209,"column":38}}]},"32":{"loc":{"start":{"line":210,"column":15},"end":{"line":210,"column":62}},"type":"cond-expr","locations":[{"start":{"line":210,"column":37},"end":{"line":210,"column":48}},{"start":{"line":210,"column":51},"end":{"line":210,"column":62}}]},"33":{"loc":{"start":{"line":216,"column":6},"end":{"line":216,"column":59}},"type":"if","locations":[{"start":{"line":216,"column":6},"end":{"line":216,"column":59}}]},"34":{"loc":{"start":{"line":216,"column":30},"end":{"line":216,"column":58}},"type":"cond-expr","locations":[{"start":{"line":216,"column":52},"end":{"line":216,"column":54}},{"start":{"line":216,"column":57},"end":{"line":216,"column":58}}]},"35":{"loc":{"start":{"line":217,"column":6},"end":{"line":217,"column":59}},"type":"if","locations":[{"start":{"line":217,"column":6},"end":{"line":217,"column":59}}]},"36":{"loc":{"start":{"line":217,"column":30},"end":{"line":217,"column":58}},"type":"cond-expr","locations":[{"start":{"line":217,"column":52},"end":{"line":217,"column":53}},{"start":{"line":217,"column":56},"end":{"line":217,"column":58}}]},"37":{"loc":{"start":{"line":228,"column":4},"end":{"line":228,"column":31}},"type":"default-arg","locations":[{"start":{"line":228,"column":29},"end":{"line":228,"column":31}}]},"38":{"loc":{"start":{"line":257,"column":4},"end":{"line":257,"column":82}},"type":"default-arg","locations":[{"start":{"line":257,"column":80},"end":{"line":257,"column":82}}]},"39":{"loc":{"start":{"line":259,"column":24},"end":{"line":259,"column":44}},"type":"default-arg","locations":[{"start":{"line":259,"column":40},"end":{"line":259,"column":44}}]},"40":{"loc":{"start":{"line":266,"column":4},"end":{"line":266,"column":45}},"type":"if","locations":[{"start":{"line":266,"column":4},"end":{"line":266,"column":45}}]},"41":{"loc":{"start":{"line":276,"column":6},"end":{"line":276,"column":48}},"type":"if","locations":[{"start":{"line":276,"column":6},"end":{"line":276,"column":48}}]},"42":{"loc":{"start":{"line":276,"column":10},"end":{"line":276,"column":39}},"type":"binary-expr","locations":[{"start":{"line":276,"column":10},"end":{"line":276,"column":21}},{"start":{"line":276,"column":25},"end":{"line":276,"column":39}}]},"43":{"loc":{"start":{"line":278,"column":6},"end":{"line":281,"column":7}},"type":"if","locations":[{"start":{"line":278,"column":6},"end":{"line":281,"column":7}}]},"44":{"loc":{"start":{"line":286,"column":23},"end":{"line":286,"column":40}},"type":"binary-expr","locations":[{"start":{"line":286,"column":23},"end":{"line":286,"column":34}},{"start":{"line":286,"column":38},"end":{"line":286,"column":40}}]},"45":{"loc":{"start":{"line":287,"column":23},"end":{"line":287,"column":40}},"type":"binary-expr","locations":[{"start":{"line":287,"column":23},"end":{"line":287,"column":34}},{"start":{"line":287,"column":38},"end":{"line":287,"column":40}}]},"46":{"loc":{"start":{"line":289,"column":8},"end":{"line":294,"column":9}},"type":"if","locations":[{"start":{"line":289,"column":8},"end":{"line":294,"column":9}},{"start":{"line":292,"column":15},"end":{"line":294,"column":9}}]},"47":{"loc":{"start":{"line":299,"column":4},"end":{"line":347,"column":5}},"type":"if","locations":[{"start":{"line":299,"column":4},"end":{"line":347,"column":5}},{"start":{"line":326,"column":11},"end":{"line":347,"column":5}}]},"48":{"loc":{"start":{"line":305,"column":8},"end":{"line":315,"column":9}},"type":"if","locations":[{"start":{"line":305,"column":8},"end":{"line":315,"column":9}},{"start":{"line":309,"column":15},"end":{"line":315,"column":9}}]},"49":{"loc":{"start":{"line":312,"column":59},"end":{"line":312,"column":74}},"type":"binary-expr","locations":[{"start":{"line":312,"column":59},"end":{"line":312,"column":68}},{"start":{"line":312,"column":72},"end":{"line":312,"column":74}}]},"50":{"loc":{"start":{"line":320,"column":8},"end":{"line":324,"column":9}},"type":"if","locations":[{"start":{"line":320,"column":8},"end":{"line":324,"column":9}}]},"51":{"loc":{"start":{"line":322,"column":59},"end":{"line":322,"column":74}},"type":"binary-expr","locations":[{"start":{"line":322,"column":59},"end":{"line":322,"column":68}},{"start":{"line":322,"column":72},"end":{"line":322,"column":74}}]},"52":{"loc":{"start":{"line":333,"column":8},"end":{"line":345,"column":9}},"type":"if","locations":[{"start":{"line":333,"column":8},"end":{"line":345,"column":9}},{"start":{"line":335,"column":15},"end":{"line":345,"column":9}}]},"53":{"loc":{"start":{"line":333,"column":12},"end":{"line":333,"column":28}},"type":"binary-expr","locations":[{"start":{"line":333,"column":12},"end":{"line":333,"column":18}},{"start":{"line":333,"column":22},"end":{"line":333,"column":28}}]},"54":{"loc":{"start":{"line":335,"column":15},"end":{"line":345,"column":9}},"type":"if","locations":[{"start":{"line":335,"column":15},"end":{"line":345,"column":9}},{"start":{"line":340,"column":15},"end":{"line":345,"column":9}}]},"55":{"loc":{"start":{"line":335,"column":19},"end":{"line":335,"column":36}},"type":"binary-expr","locations":[{"start":{"line":335,"column":19},"end":{"line":335,"column":25}},{"start":{"line":335,"column":29},"end":{"line":335,"column":36}}]},"56":{"loc":{"start":{"line":338,"column":59},"end":{"line":338,"column":74}},"type":"binary-expr","locations":[{"start":{"line":338,"column":59},"end":{"line":338,"column":68}},{"start":{"line":338,"column":72},"end":{"line":338,"column":74}}]},"57":{"loc":{"start":{"line":340,"column":15},"end":{"line":345,"column":9}},"type":"if","locations":[{"start":{"line":340,"column":15},"end":{"line":345,"column":9}}]},"58":{"loc":{"start":{"line":340,"column":19},"end":{"line":340,"column":36}},"type":"binary-expr","locations":[{"start":{"line":340,"column":19},"end":{"line":340,"column":26}},{"start":{"line":340,"column":30},"end":{"line":340,"column":36}}]},"59":{"loc":{"start":{"line":343,"column":59},"end":{"line":343,"column":74}},"type":"binary-expr","locations":[{"start":{"line":343,"column":59},"end":{"line":343,"column":68}},{"start":{"line":343,"column":72},"end":{"line":343,"column":74}}]},"60":{"loc":{"start":{"line":352,"column":57},"end":{"line":352,"column":79}},"type":"default-arg","locations":[{"start":{"line":352,"column":78},"end":{"line":352,"column":79}}]},"61":{"loc":{"start":{"line":358,"column":6},"end":{"line":361,"column":7}},"type":"if","locations":[{"start":{"line":358,"column":6},"end":{"line":361,"column":7}}]},"62":{"loc":{"start":{"line":359,"column":23},"end":{"line":359,"column":84}},"type":"cond-expr","locations":[{"start":{"line":359,"column":35},"end":{"line":359,"column":79}},{"start":{"line":359,"column":82},"end":{"line":359,"column":84}}]},"63":{"loc":{"start":{"line":365,"column":6},"end":{"line":369,"column":7}},"type":"if","locations":[{"start":{"line":365,"column":6},"end":{"line":369,"column":7}}]},"64":{"loc":{"start":{"line":376,"column":23},"end":{"line":380,"column":37}},"type":"cond-expr","locations":[{"start":{"line":377,"column":8},"end":{"line":379,"column":32}},{"start":{"line":380,"column":8},"end":{"line":380,"column":37}}]},"65":{"loc":{"start":{"line":378,"column":55},"end":{"line":378,"column":88}},"type":"binary-expr","locations":[{"start":{"line":378,"column":55},"end":{"line":378,"column":70}},{"start":{"line":378,"column":74},"end":{"line":378,"column":88}}]},"66":{"loc":{"start":{"line":382,"column":4},"end":{"line":382,"column":40}},"type":"if","locations":[{"start":{"line":382,"column":4},"end":{"line":382,"column":40}}]},"67":{"loc":{"start":{"line":390,"column":8},"end":{"line":395,"column":9}},"type":"if","locations":[{"start":{"line":390,"column":8},"end":{"line":395,"column":9}},{"start":{"line":393,"column":15},"end":{"line":395,"column":9}}]},"68":{"loc":{"start":{"line":390,"column":12},"end":{"line":390,"column":79}},"type":"binary-expr","locations":[{"start":{"line":390,"column":12},"end":{"line":390,"column":20}},{"start":{"line":390,"column":24},"end":{"line":390,"column":35}},{"start":{"line":390,"column":39},"end":{"line":390,"column":79}}]},"69":{"loc":{"start":{"line":391,"column":30},"end":{"line":391,"column":51}},"type":"binary-expr","locations":[{"start":{"line":391,"column":30},"end":{"line":391,"column":46}},{"start":{"line":391,"column":50},"end":{"line":391,"column":51}}]},"70":{"loc":{"start":{"line":436,"column":38},"end":{"line":436,"column":72}},"type":"binary-expr","locations":[{"start":{"line":436,"column":38},"end":{"line":436,"column":66}},{"start":{"line":436,"column":70},"end":{"line":436,"column":72}}]}},"s":{"0":1,"1":1,"2":1,"3":1,"4":1,"5":1,"6":1,"7":1,"8":1,"9":4,"10":4,"11":4,"12":4,"13":4,"14":4,"15":4,"16":4,"17":4,"18":4,"19":4,"20":4,"21":4,"22":4,"23":4,"24":4,"25":0,"26":0,"27":12,"28":12,"29":4,"30":12,"31":12,"32":12,"33":0,"34":0,"35":0,"36":0,"37":11,"38":11,"39":11,"40":0,"41":0,"42":0,"43":0,"44":0,"45":0,"46":0,"47":0,"48":0,"49":0,"50":0,"51":0,"52":0,"53":0,"54":0,"55":0,"56":0,"57":0,"58":0,"59":0,"60":0,"61":0,"62":0,"63":0,"64":0,"65":0,"66":0,"67":0,"68":0,"69":0,"70":4,"71":4,"72":0,"73":0,"74":0,"75":0,"76":0,"77":0,"78":0,"79":0,"80":0,"81":0,"82":0,"83":0,"84":0,"85":0,"86":0,"87":0,"88":0,"89":0,"90":0,"91":0,"92":0,"93":0,"94":0,"95":0,"96":0,"97":0,"98":0,"99":0,"100":0,"101":0,"102":0,"103":0,"104":0,"105":0,"106":0,"107":0,"108":0,"109":0,"110":0,"111":0,"112":0,"113":0,"114":0,"115":0,"116":0,"117":0,"118":0,"119":0,"120":4,"121":4,"122":4,"123":4,"124":24,"125":72,"126":4,"127":0,"128":4,"129":12,"130":4,"131":4,"132":4,"133":11,"134":31,"135":11,"136":2,"137":9,"138":7,"139":7,"140":2,"141":2,"142":6,"143":6,"144":6,"145":4,"146":2,"147":2,"148":4,"149":3,"150":9,"151":9,"152":18,"153":9,"154":8,"155":8,"156":8,"157":1,"158":1,"159":3,"160":1,"161":1,"162":3,"163":9,"164":1,"165":1,"166":3,"167":1,"168":1,"169":1,"170":1,"171":3,"172":3,"173":3,"174":3,"175":0,"176":0,"177":0,"178":0,"179":0,"180":0,"181":0,"182":0,"183":0,"184":0,"185":4,"186":0,"187":0,"188":0,"189":0,"190":0,"191":0,"192":0,"193":0,"194":0,"195":0,"196":0,"197":0,"198":0,"199":0,"200":0,"201":0,"202":0,"203":0,"204":0,"205":0,"206":0,"207":0,"208":0,"209":0,"210":0,"211":0,"212":0,"213":0,"214":0,"215":0,"216":0,"217":0,"218":0,"219":0,"220":0,"221":0,"222":0,"223":1},"f":{"0":4,"1":0,"2":12,"3":0,"4":0,"5":11,"6":0,"7":0,"8":0,"9":0,"10":0,"11":0,"12":0,"13":0,"14":0,"15":0,"16":0,"17":0,"18":4,"19":0,"20":0,"21":0,"22":0,"23":0,"24":0,"25":0,"26":0,"27":0,"28":0,"29":4,"30":24,"31":72,"32":12,"33":11,"34":31,"35":6,"36":9,"37":18,"38":3,"39":9,"40":3,"41":0,"42":0,"43":0,"44":0,"45":0,"46":0,"47":0,"48":0,"49":0,"50":0,"51":0,"52":0,"53":0,"54":0,"55":0,"56":0},"b":{"0":[0],"1":[4,4],"2":[4,4],"3":[4,4],"4":[4,4],"5":[0],"6":[12,0],"7":[4],"8":[12,4],"9":[0],"10":[0,0],"11":[0,0],"12":[0,0],"13":[0],"14":[0,0],"15":[0,0],"16":[0,0],"17":[0],"18":[0,0,0,0,0,0],"19":[0],"20":[0],"21":[0,0],"22":[0],"23":[0,0],"24":[0,0],"25":[0],"26":[0],"27":[0,0],"28":[0],"29":[0,0],"30":[0],"31":[0,0],"32":[0,0],"33":[0],"34":[0,0],"35":[0],"36":[0,0],"37":[0],"38":[0],"39":[0],"40":[0],"41":[2],"42":[11,9],"43":[7],"44":[6,0],"45":[6,0],"46":[4,2],"47":[3,1],"48":[8,1],"49":[3,0],"50":[1],"51":[3,0],"52":[3,0],"53":[3,3],"54":[0,0],"55":[0,0],"56":[0,0],"57":[0],"58":[0,0],"59":[0,0],"60":[0],"61":[0],"62":[0,0],"63":[0],"64":[0,0],"65":[0,0],"66":[0],"67":[0,0],"68":[0,0,0],"69":[0,0],"70":[0,0]}},"C:\\Users\\ArulJothyJ\\.gemini\\antigravity\\scratch\\cmd-table\\src\\Column.ts":{"path":"C:\\Users\\ArulJothyJ\\.gemini\\antigravity\\scratch\\cmd-table\\src\\Column.ts","statementMap":{"0":{"start":{"line":39,"column":9},"end":{"line":39,"column":30}},"1":{"start":{"line":41,"column":9},"end":{"line":41,"column":38}},"2":{"start":{"line":42,"column":9},"end":{"line":42,"column":39}},"3":{"start":{"line":43,"column":9},"end":{"line":43,"column":33}},"4":{"start":{"line":44,"column":9},"end":{"line":44,"column":34}},"5":{"start":{"line":45,"column":9},"end":{"line":45,"column":34}},"6":{"start":{"line":46,"column":9},"end":{"line":46,"column":34}},"7":{"start":{"line":47,"column":9},"end":{"line":47,"column":32}},"8":{"start":{"line":48,"column":9},"end":{"line":48,"column":33}},"9":{"start":{"line":53,"column":4},"end":{"line":53,"column":35}},"10":{"start":{"line":54,"column":4},"end":{"line":54,"column":40}},"11":{"start":{"line":55,"column":4},"end":{"line":55,"column":31}},"12":{"start":{"line":56,"column":4},"end":{"line":56,"column":73}},"13":{"start":{"line":56,"column":40},"end":{"line":56,"column":73}},"14":{"start":{"line":57,"column":4},"end":{"line":57,"column":73}},"15":{"start":{"line":57,"column":40},"end":{"line":57,"column":73}},"16":{"start":{"line":58,"column":4},"end":{"line":58,"column":50}},"17":{"start":{"line":58,"column":23},"end":{"line":58,"column":50}},"18":{"start":{"line":59,"column":4},"end":{"line":59,"column":53}},"19":{"start":{"line":59,"column":24},"end":{"line":59,"column":53}},"20":{"start":{"line":60,"column":4},"end":{"line":60,"column":82}},"21":{"start":{"line":60,"column":43},"end":{"line":60,"column":82}},"22":{"start":{"line":61,"column":4},"end":{"line":61,"column":85}},"23":{"start":{"line":61,"column":44},"end":{"line":61,"column":85}},"24":{"start":{"line":62,"column":4},"end":{"line":62,"column":73}},"25":{"start":{"line":62,"column":40},"end":{"line":62,"column":73}},"26":{"start":{"line":63,"column":4},"end":{"line":63,"column":73}},"27":{"start":{"line":63,"column":40},"end":{"line":63,"column":73}},"28":{"start":{"line":64,"column":4},"end":{"line":64,"column":73}},"29":{"start":{"line":64,"column":40},"end":{"line":64,"column":73}},"30":{"start":{"line":65,"column":4},"end":{"line":65,"column":67}},"31":{"start":{"line":65,"column":38},"end":{"line":65,"column":67}},"32":{"start":{"line":66,"column":4},"end":{"line":66,"column":64}},"33":{"start":{"line":66,"column":37},"end":{"line":66,"column":64}},"34":{"start":{"line":67,"column":4},"end":{"line":67,"column":76}},"35":{"start":{"line":67,"column":41},"end":{"line":67,"column":76}},"36":{"start":{"line":35,"column":0},"end":{"line":35,"column":13}}},"fnMap":{"0":{"name":"(anonymous_0)","decl":{"start":{"line":52,"column":2},"end":{"line":52,"column":14}},"loc":{"start":{"line":52,"column":42},"end":{"line":68,"column":3}}}},"branchMap":{"0":{"loc":{"start":{"line":52,"column":14},"end":{"line":52,"column":42}},"type":"default-arg","locations":[{"start":{"line":52,"column":40},"end":{"line":52,"column":42}}]},"1":{"loc":{"start":{"line":53,"column":16},"end":{"line":53,"column":34}},"type":"binary-expr","locations":[{"start":{"line":53,"column":16},"end":{"line":53,"column":28}},{"start":{"line":53,"column":32},"end":{"line":53,"column":34}}]},"2":{"loc":{"start":{"line":54,"column":15},"end":{"line":54,"column":39}},"type":"binary-expr","locations":[{"start":{"line":54,"column":15},"end":{"line":54,"column":26}},{"start":{"line":54,"column":30},"end":{"line":54,"column":39}}]},"3":{"loc":{"start":{"line":56,"column":4},"end":{"line":56,"column":73}},"type":"if","locations":[{"start":{"line":56,"column":4},"end":{"line":56,"column":73}}]},"4":{"loc":{"start":{"line":57,"column":4},"end":{"line":57,"column":73}},"type":"if","locations":[{"start":{"line":57,"column":4},"end":{"line":57,"column":73}}]},"5":{"loc":{"start":{"line":58,"column":4},"end":{"line":58,"column":50}},"type":"if","locations":[{"start":{"line":58,"column":4},"end":{"line":58,"column":50}}]},"6":{"loc":{"start":{"line":59,"column":4},"end":{"line":59,"column":53}},"type":"if","locations":[{"start":{"line":59,"column":4},"end":{"line":59,"column":53}}]},"7":{"loc":{"start":{"line":60,"column":4},"end":{"line":60,"column":82}},"type":"if","locations":[{"start":{"line":60,"column":4},"end":{"line":60,"column":82}}]},"8":{"loc":{"start":{"line":61,"column":4},"end":{"line":61,"column":85}},"type":"if","locations":[{"start":{"line":61,"column":4},"end":{"line":61,"column":85}}]},"9":{"loc":{"start":{"line":62,"column":4},"end":{"line":62,"column":73}},"type":"if","locations":[{"start":{"line":62,"column":4},"end":{"line":62,"column":73}}]},"10":{"loc":{"start":{"line":63,"column":4},"end":{"line":63,"column":73}},"type":"if","locations":[{"start":{"line":63,"column":4},"end":{"line":63,"column":73}}]},"11":{"loc":{"start":{"line":64,"column":4},"end":{"line":64,"column":73}},"type":"if","locations":[{"start":{"line":64,"column":4},"end":{"line":64,"column":73}}]},"12":{"loc":{"start":{"line":65,"column":4},"end":{"line":65,"column":67}},"type":"if","locations":[{"start":{"line":65,"column":4},"end":{"line":65,"column":67}}]},"13":{"loc":{"start":{"line":66,"column":4},"end":{"line":66,"column":64}},"type":"if","locations":[{"start":{"line":66,"column":4},"end":{"line":66,"column":64}}]},"14":{"loc":{"start":{"line":67,"column":4},"end":{"line":67,"column":76}},"type":"if","locations":[{"start":{"line":67,"column":4},"end":{"line":67,"column":76}}]}},"s":{"0":12,"1":12,"2":12,"3":12,"4":12,"5":12,"6":12,"7":12,"8":12,"9":12,"10":12,"11":12,"12":12,"13":0,"14":12,"15":0,"16":12,"17":0,"18":12,"19":0,"20":12,"21":0,"22":12,"23":0,"24":12,"25":0,"26":12,"27":0,"28":12,"29":0,"30":12,"31":0,"32":12,"33":4,"34":12,"35":0,"36":1},"f":{"0":12},"b":{"0":[0],"1":[12,0],"2":[12,0],"3":[0],"4":[0],"5":[0],"6":[0],"7":[0],"8":[0],"9":[0],"10":[0],"11":[0],"12":[0],"13":[4],"14":[0]}},"C:\\Users\\ArulJothyJ\\.gemini\\antigravity\\scratch\\cmd-table\\src\\Row.ts":{"path":"C:\\Users\\ArulJothyJ\\.gemini\\antigravity\\scratch\\cmd-table\\src\\Row.ts","statementMap":{"0":{"start":{"line":1,"column":0},"end":{"line":1,"column":30}},"1":{"start":{"line":5,"column":9},"end":{"line":5,"column":28}},"2":{"start":{"line":10,"column":4},"end":{"line":10,"column":23}},"3":{"start":{"line":11,"column":4},"end":{"line":11,"column":29}},"4":{"start":{"line":12,"column":4},"end":{"line":12,"column":25}},"5":{"start":{"line":16,"column":4},"end":{"line":16,"column":29}},"6":{"start":{"line":20,"column":4},"end":{"line":23,"column":5}},"7":{"start":{"line":21,"column":6},"end":{"line":21,"column":60}},"8":{"start":{"line":21,"column":28},"end":{"line":21,"column":58}},"9":{"start":{"line":22,"column":6},"end":{"line":22,"column":13}},"10":{"start":{"line":25,"column":4},"end":{"line":27,"column":5}},"11":{"start":{"line":26,"column":6},"end":{"line":26,"column":83}},"12":{"start":{"line":26,"column":41},"end":{"line":26,"column":81}},"13":{"start":{"line":29,"column":4},"end":{"line":31,"column":7}},"14":{"start":{"line":30,"column":6},"end":{"line":30,"column":50}},"15":{"start":{"line":4,"column":0},"end":{"line":4,"column":13}}},"fnMap":{"0":{"name":"(anonymous_0)","decl":{"start":{"line":9,"column":2},"end":{"line":9,"column":14}},"loc":{"start":{"line":9,"column":61},"end":{"line":13,"column":3}}},"1":{"name":"(anonymous_1)","decl":{"start":{"line":15,"column":9},"end":{"line":15,"column":16}},"loc":{"start":{"line":15,"column":16},"end":{"line":17,"column":3}}},"2":{"name":"(anonymous_2)","decl":{"start":{"line":19,"column":10},"end":{"line":19,"column":19}},"loc":{"start":{"line":19,"column":53},"end":{"line":32,"column":3}}},"3":{"name":"(anonymous_3)","decl":{"start":{"line":21,"column":19},"end":{"line":21,"column":20}},"loc":{"start":{"line":21,"column":28},"end":{"line":21,"column":58}}},"4":{"name":"(anonymous_4)","decl":{"start":{"line":26,"column":32},"end":{"line":26,"column":33}},"loc":{"start":{"line":26,"column":41},"end":{"line":26,"column":81}}},"5":{"name":"(anonymous_5)","decl":{"start":{"line":29,"column":31},"end":{"line":29,"column":32}},"loc":{"start":{"line":29,"column":42},"end":{"line":31,"column":5}}}},"branchMap":{"0":{"loc":{"start":{"line":20,"column":4},"end":{"line":23,"column":5}},"type":"if","locations":[{"start":{"line":20,"column":4},"end":{"line":23,"column":5}}]},"1":{"loc":{"start":{"line":25,"column":4},"end":{"line":27,"column":5}},"type":"if","locations":[{"start":{"line":25,"column":4},"end":{"line":27,"column":5}}]}},"s":{"0":1,"1":11,"2":11,"3":11,"4":11,"5":0,"6":11,"7":0,"8":0,"9":0,"10":11,"11":0,"12":0,"13":11,"14":33,"15":1},"f":{"0":11,"1":0,"2":11,"3":0,"4":0,"5":33},"b":{"0":[0],"1":[0]}},"C:\\Users\\ArulJothyJ\\.gemini\\antigravity\\scratch\\cmd-table\\src\\Cell.ts":{"path":"C:\\Users\\ArulJothyJ\\.gemini\\antigravity\\scratch\\cmd-table\\src\\Cell.ts","statementMap":{"0":{"start":{"line":11,"column":9},"end":{"line":11,"column":29}},"1":{"start":{"line":12,"column":9},"end":{"line":12,"column":29}},"2":{"start":{"line":13,"column":9},"end":{"line":13,"column":33}},"3":{"start":{"line":18,"column":4},"end":{"line":26,"column":5}},"4":{"start":{"line":19,"column":6},"end":{"line":19,"column":37}},"5":{"start":{"line":20,"column":6},"end":{"line":20,"column":42}},"6":{"start":{"line":21,"column":6},"end":{"line":21,"column":42}},"7":{"start":{"line":22,"column":6},"end":{"line":22,"column":33}},"8":{"star
[...]
lumn":4},"end":{"line":72,"column":5}},"19":{"start":{"line":71,"column":6},"end":{"line":71,"column":10}},"20":{"start":{"line":74,"column":2},"end":{"line":74,"column":15}}},"fnMap":{"0":{"name":"stripAnsi","decl":{"start":{"line":11,"column":16},"end":{"line":11,"column":25}},"loc":{"start":{"line":11,"column":37},"end":{"line":13,"column":1}}},"1":{"name":"isFullWidth","decl":{"start":{"line":15,"column":16},"end":{"line":15,"column":27}},"loc":{"start":{"line":15,"column":45},"end":{"line":51,"column":1}}},"2":{"name":"stringWidth","decl":{"start":{"line":53,"column":16},"end":{"line":53,"column":27}},"loc":{"start":{"line":53,"column":39},"end":{"line":75,"column":1}}}},"branchMap":{"0":{"loc":{"start":{"line":17,"column":2},"end":{"line":49,"column":3}},"type":"if","locations":[{"start":{"line":17,"column":2},"end":{"line":49,"column":3}}]},"1":{"loc":{"start":{"line":18,"column":4},"end":{"line":46,"column":53}},"type":"binary-expr","locations":[{"start":{"line":18,"column":4},"end":{"line":18,"column":23}},{"start":{"line":19,"column":5},"end":{"line":19,"column":24}},{"start":{"line":20,"column":6},"end":{"line":20,"column":26}},{"start":{"line":21,"column":6},"end":{"line":21,"column":26}},{"start":{"line":23,"column":7},"end":{"line":23,"column":26}},{"start":{"line":23,"column":30},"end":{"line":23,"column":49}},{"start":{"line":23,"column":53},"end":{"line":23,"column":73}},{"start":{"line":25,"column":7},"end":{"line":25,"column":26}},{"start":{"line":25,"column":30},"end":{"line":25,"column":49}},{"start":{"line":27,"column":7},"end":{"line":27,"column":26}},{"start":{"line":27,"column":30},"end":{"line":27,"column":49}},{"start":{"line":29,"column":7},"end":{"line":29,"column":26}},{"start":{"line":29,"column":30},"end":{"line":29,"column":49}},{"start":{"line":31,"column":7},"end":{"line":31,"column":26}},{"start":{"line":31,"column":30},"end":{"line":31,"column":49}},{"start":{"line":33,"column":7},"end":{"line":33,"column":26}},{"start":{"line":33,"column":30},"end":{"line":33,"column":49}},{"start":{"line":35,"column":7},"end":{"line":35,"column":26}},{"start":{"line":35,"column":30},"end":{"line":35,"column":49}},{"start":{"line":37,"column":7},"end":{"line":37,"column":26}},{"start":{"line":37,"column":30},"end":{"line":37,"column":49}},{"start":{"line":39,"column":7},"end":{"line":39,"column":26}},{"start":{"line":39,"column":30},"end":{"line":39,"column":49}},{"start":{"line":40,"column":7},"end":{"line":40,"column":26}},{"start":{"line":40,"column":30},"end":{"line":40,"column":49}},{"start":{"line":42,"column":7},"end":{"line":42,"column":27}},{"start":{"line":42,"column":31},"end":{"line":42,"column":51}},{"start":{"line":44,"column":7},"end":{"line":44,"column":27}},{"start":{"line":44,"column":31},"end":{"line":44,"column":51}},{"start":{"line":46,"column":7},"end":{"line":46,"column":27}},{"start":{"line":46,"column":31},"end":{"line":46,"column":51}}]},"2":{"loc":{"start":{"line":58,"column":4},"end":{"line":58,"column":24}},"type":"if","locations":[{"start":{"line":58,"column":4},"end":{"line":58,"column":24}}]},"3":{"loc":{"start":{"line":63,"column":4},"end":{"line":67,"column":5}},"type":"if","locations":[{"start":{"line":63,"column":4},"end":{"line":67,"column":5}},{"start":{"line":65,"column":11},"end":{"line":67,"column":5}}]},"4":{"loc":{"start":{"line":70,"column":4},"end":{"line":72,"column":5}},"type":"if","locations":[{"start":{"line":70,"column":4},"end":{"line":72,"column":5}}]}},"s":{"0":1,"1":1,"2":1,"3":1,"4":386,"5":709,"6":0,"7":709,"8":154,"9":154,"10":154,"11":154,"12":709,"13":709,"14":0,"15":709,"16":0,"17":709,"18":709,"19":0,"20":154},"f":{"0":386,"1":709,"2":154},"b":{"0":[0],"1":[709,31,31,31,31,0,0,31,0,31,0,31,0,31,0,31,0,31,0,31,0,31,0,31,0,31,0,31,0,31,0],"2":[0],"3":[0,709],"4":[0]}},"C:\\Users\\ArulJothyJ\\.gemini\\antigravity\\scratch\\cmd-table\\src\\utils\\colors.ts":{"path":"C:\\Users\\ArulJothyJ\\.gemini\\antigravity\\scratch\\cmd-table\\src\\utils\\colors.ts","statementMap":{"0":{"start":{"line":58,"column":0},"end":{"line":58,"column":16}},"1":{"start":{"line":28,"column":51},"end":{"line":56,"column":2}},"2":{"start":{"line":59,"column":2},"end":{"line":59,"column":43}},"3":{"start":{"line":59,"column":31},"end":{"line":59,"column":43}},"4":{"start":{"line":60,"column":23},"end":{"line":60,"column":35}},"5":{"start":{"line":61,"column":2},"end":{"line":61,"column":49}}},"fnMap":{"0":{"name":"colorize","decl":{"start":{"line":58,"column":16},"end":{"line":58,"column":24}},"loc":{"start":{"line":58,"column":56},"end":{"line":62,"column":1}}}},"branchMap":{"0":{"loc":{"start":{"line":59,"column":2},"end":{"line":59,"column":43}},"type":"if","locations":[{"start":{"line":59,"column":2},"end":{"line":59,"column":43}}]},"1":{"loc":{"start":{"line":59,"column":6},"end":{"line":59,"column":29}},"type":"binary-expr","locations":[{"start":{"line":59,"column":6},"end":{"line":59,"column":12}},{"start":{"line":59,"column":16},"end":{"line":59,"column":29}}]}},"s":{"0":1,"1":1,"2":33,"3":0,"4":33,"5":33},"f":{"0":33},"b":{"0":[0],"1":[33,33]}},"C:\\Users\\ArulJothyJ\\.gemini\\antigravity\\scratch\\cmd-table\\src\\renderers\\CsvRenderer.ts":{"path":"C:\\Users\\ArulJothyJ\\.gemini\\antigravity\\scratch\\cmd-table\\src\\renderers\\CsvRenderer.ts","statementMap":{"0":{"start":{"line":16,"column":4},"end":{"line":16,"column":46}},"1":{"start":{"line":17,"column":4},"end":{"line":17,"column":38}},"2":{"start":{"line":18,"column":4},"end":{"line":18,"column":57}},"3":{"start":{"line":22,"column":27},"end":{"line":24,"column":44}},"4":{"start":{"line":23,"column":31},"end":{"line":23,"column":48}},"5":{"start":{"line":24,"column":24},"end":{"line":24,"column":43}},"6":{"start":{"line":25,"column":27},"end":{"line":25,"column":29}},"7":{"start":{"line":26,"column":4},"end":{"line":28,"column":5}},"8":{"start":{"line":27,"column":6},"end":{"line":27,"column":78}},"9":{"start":{"line":27,"column":58},"end":{"line":27,"column":74}},"10":{"start":{"line":29,"column":4},"end":{"line":33,"column":6}},"11":{"start":{"line":31,"column":8},"end":{"line":31,"column":92}},"12":{"start":{"line":31,"column":50},"end":{"line":31,"column":90}},"13":{"start":{"line":34,"column":4},"end":{"line":34,"column":27}},"14":{"start":{"line":38,"column":4},"end":{"line":38,"column":74}},"15":{"start":{"line":38,"column":33},"end":{"line":38,"column":51}},"16":{"start":{"line":42,"column":4},"end":{"line":48,"column":5}},"17":{"start":{"line":43,"column":6},"end":{"line":47,"column":8}},"18":{"start":{"line":49,"column":4},"end":{"line":49,"column":17}},"19":{"start":{"line":10,"column":0},"end":{"line":10,"column":13}}},"fnMap":{"0":{"name":"(anonymous_0)","decl":{"start":{"line":15,"column":2},"end":{"line":15,"column":14}},"loc":{"start":{"line":15,"column":38},"end":{"line":19,"column":3}}},"1":{"name":"(anonymous_1)","decl":{"start":{"line":21,"column":9},"end":{"line":21,"column":15}},"loc":{"start":{"line":21,"column":28},"end":{"line":35,"column":3}}},"2":{"name":"(anonymous_2)","decl":{"start":{"line":23,"column":11},"end":{"line":23,"column":12}},"loc":{"start":{"line":23,"column":31},"end":{"line":23,"column":48}}},"3":{"name":"(anonymous_3)","decl":{"start":{"line":24,"column":14},"end":{"line":24,"column":15}},"loc":{"start":{"line":24,"column":24},"end":{"line":24,"column":43}}},"4":{"name":"(anonymous_4)","decl":{"start":{"line":27,"column":48},"end":{"line":27,"column":49}},"loc":{"start":{"line":27,"column":58},"end":{"line":27,"column":74}}},"5":{"name":"(anonymous_5)","decl":{"start":{"line":30,"column":24},"end":{"line":30,"column":25}},"loc":{"start":{"line":31,"column":8},"end":{"line":31,"column":92}}},"6":{"name":"(anonymous_6)","decl":{"start":{"line":31,"column":40},"end":{"line":31,"column":41}},"loc":{"start":{"line":31,"column":50},"end":{"line":31,"column":90}}},"7":{"name":"(anonymous_7)","decl":{"start":{"line":37,"column":10},"end":{"line":37,"column":17}},"loc":{"start":{"line":37,"column":34},"end":{"line":39,"column":3}}},"8":{"name":"(anonymous_8)","decl":{"start":{"line":38,"column":22},"end":{"line":38,"column":23}},"loc":{"start":{"line":38,"column":33},"end":{"line":38,"column":51}}},"9":{"name":"(anonymous_9)","decl":{"start":{"line":41,"column":10},"end":{"line":41,"column":16}},"loc":{"start":{"line":41,"column":30},"end":{"line":50,"column":3}}}},"branchMap":{"0":{"loc":{"start":{"line":15,"column":14},"end":{"line":15,"column":38}},"type":"default-arg","locations":[{"start":{"line":15,"column":36},"end":{"line":15,"column":38}}]},"1":{"loc":{"start":{"line":16,"column":21},"end":{"line":16,"column":45}},"type":"binary-expr","locations":[{"start":{"line":16,"column":21},"end":{"line":16,"column":38}},{"start":{"line":16,"column":42},"end":{"line":16,"column":45}}]},"2":{"loc":{"start":{"line":17,"column":17},"end":{"line":17,"column":37}},"type":"binary-expr","locations":[{"start":{"line":17,"column":17},"end":{"line":17,"column":30}},{"start":{"line":17,"column":34},"end":{"line":17,"column":37}}]},"3":{"loc":{"start":{"line":26,"column":4},"end":{"line":28,"column":5}},"type":"if","locations":[{"start":{"line":26,"column":4},"end":{"line":28,"column":5}}]},"4":{"loc":{"start":{"line":31,"column":50},"end":{"line":31,"column":90}},"type":"binary-expr","locations":[{"start":{"line":31,"column":50},"end":{"line":31,"column":84}},{"start":{"line":31,"column":88},"end":{"line":31,"column":90}}]},"5":{"loc":{"start":{"line":42,"column":4},"end":{"line":48,"column":5}},"type":"if","locations":[{"start":{"line":42,"column":4},"end":{"line":48,"column":5}}]},"6":{"loc":{"start":{"line":42,"column":8},"end":{"line":42,"column":92}},"type":"binary-expr","locations":[{"start":{"line":42,"column":8},"end":{"line":42,"column":38}},{"start":{"line":42,"column":42},"end":{"line":42,"column":68}},{"start":{"line":42,"column":72},"end":{"line":42,"column":92}}]}},"s":{"0":0,"1":0,"2":0,"3":0,"4":0,"5":0,"6":0,"7":0,"8":0,"9":0,"10":0,"11":0,"12":0,"13":0,"14":0,"15":0,"16":0,"17":0,"18":0,"19":1},"f":{"0":0,"1":0,"2":0,"3":0,"4":0,"5":0,"6":0,"7":0,"8":0,"9":0},"b":{"0":[0],"1":[0,0],"2":[0,0],"3":[0],"4":[0,0],"5":[0],"6":[0,0,0]}},"C:\\Users\\ArulJothyJ\\.gemini\\antigravity\\scratch\\cmd-table\\src\\renderers\\JsonRenderer.ts":{"path":"C:\\Users\\ArulJothyJ\\.gemini\\antigravity\\scratch\\cmd-table\\src\\renderers\\JsonRenderer.ts","statementMap":{"0":{"start":{"line":6,"column":27},"end":{"line":8,"column":44}},"1":{"start":{"line":7,"column":31},"end":{"line":7,"column":48}},"2":{"start":{"line":8,"column":24},"end":{"line":8,"column":43}},"3":{"start":{"line":9,"column":17},"end":{"line":15,"column":6}},"4":{"start":{"line":10,"column":39},"end":{"line":10,"column":41}},"5":{"start":{"line":11,"column":6},"end":{"line":13,"column":9}},"6":{"start":{"line":12,"column":8},"end":{"line":12,"column":67}},"7":{"start":{"line":14,"column":6},"end":{"line":14,"column":17}},"8":{"start":{"line":16,"column":4},"end":{"line":16,"column":41}},"9":{"start":{"line":4,"column":0},"end":{"line":4,"column":13}}},"fnMap":{"0":{"name":"(anonymous_0)","decl":{"start":{"line":5,"column":9},"end":{"line":5,"column":15}},"loc":{"start":{"line":5,"column":28},"end":{"line":17,"column":3}}},"1":{"name":"(anonymous_1)","decl":{"start":{"line":7,"column":11},"end":{"line":7,"column":12}},"loc":{"start":{"line":7,"column":31},"end":{"line":7,"column":48}}},"2":{"name":"(anonymous_2)","decl":{"start":{"line":8,"column":14},"end":{"line":8,"column":15}},"loc":{"start":{"line":8,"column":24},"end":{"line":8,"column":43}}},"3":{"name":"(anonymous_3)","decl":{"start":{"line":9,"column":32},"end":{"line":9,"column":33}},"loc":{"start":{"line":9,"column":40},"end":{"line":15,"column":5}}},"4":{"name":"(anonymous_4)","decl":{"start":{"line":11,"column":29},"end":{"line":11,"column":30}},"loc":{"start":{"line":11,"column":51},"end":{"line":13,"column":7}}}},"branchMap":{"0":{"loc":{"start":{"line":12,"column":12},"end":{"line":12,"column":37}},"type":"binary-expr","locations":[{"start":{"line":12,"column":12},"end":{"line":12,"column":22}},{"start":{"line":12,"column":26},"end":{"line":12,"column":37}}]}},"s":{"0":0,"1":0,"2":0,"3":0,"4":0,"5":0,"6":0,"7":0,"8":0,"9":1},"f":{"0":0,"1":0,"2":0,"3":0,"4":0},"b":{"0":[0,0]}},"C:\\Users\\ArulJothyJ\\.gemini\\antigravity\\scratch\\cmd-table\\src\\renderers\\HtmlRenderer.ts":{"path":"C:\\Users\\ArulJothyJ\\.gemini\\antigravity\\scratch\\cmd-table\\src\\renderers\\HtmlRenderer.ts","statementMap":{"0":{"start":{"line":4,"column":19},"end":{"line":10,"column":27}},"1":{"start":{"line":5,"column":2},"end":{"line":10,"column":27}},"2":{"start":{"line":14,"column":20},"end":{"line":16,"column":44}},"3":{"start":{"line":15,"column":31},"end":{"line":15,"column":48}},"4":{"start":{"line":16,"column":24},"end":{"line":16,"column":43}},"5":{"start":{"line":17,"column":17},"end":{"line":17,"column":120}},"6":{"start":{"line":17,"column":53},"end":{"line":17,"column":95}},"7":{"start":{"line":18,"column":21},"end":{"line":23,"column":15}},"8":{"start":{"line":21,"column":10},"end":{"line":21,"column":122}},"9":{"start":{"line":21,"column":39},"end":{"line":21,"column":105}},"10":{"start":{"line":24,"column":4},"end":{"line":24,"column":62}},"11":{"start":{"line":12,"column":0},"end":{"line":12,"column":13}}},"fnMap":{"0":{"name":"(anonymous_0)","decl":{"start":{"line":4,"column":19},"end":{"line":4,"column":20}},"loc":{"start":{"line":5,"column":2},"end":{"line":10,"column":27}}},"1":{"name":"(anonymous_1)","decl":{"start":{"line":13,"column":9},"end":{"line":13,"column":15}},"loc":{"start":{"line":13,"column":28},"end":{"line":25,"column":3}}},"2":{"name":"(anonymous_2)","decl":{"start":{"line":15,"column":11},"end":{"line":15,"column":12}},"loc":{"start":{"line":15,"column":31},"end":{"line":15,"column":48}}},"3":{"name":"(anonymous_3)","decl":{"start":{"line":16,"column":14},"end":{"line":16,"column":15}},"loc":{"start":{"line":16,"column":24},"end":{"line":16,"column":43}}},"4":{"name":"(anonymous_4)","decl":{"start":{"line":17,"column":43},"end":{"line":17,"column":44}},"loc":{"start":{"line":17,"column":53},"end":{"line":17,"column":95}}},"5":{"name":"(anonymous_5)","decl":{"start":{"line":20,"column":8},"end":{"line":20,"column":9}},"loc":{"start":{"line":21,"column":10},"end":{"line":21,"column":122}}},"6":{"name":"(anonymous_6)","decl":{"start":{"line":21,"column":29},"end":{"line":21,"column":30}},"loc":{"start":{"line":21,"column":39},"end":{"line":21,"column":105}}}},"branchMap":{"0":{"loc":{"start":{"line":21,"column":57},"end":{"line":21,"column":97}},"type":"binary-expr","locations":[{"start":{"line":21,"column":57},"end":{"line":21,"column":91}},{"start":{"line":21,"column":95},"end":{"line":21,"column":97}}]}},"s":{"0":1,"1":0,"2":0,"3":0,"4":0,"5":0,"6":0,"7":0,"8":0,"9":0,"10":0,"11":1},"f":{"0":0,"1":0,"2":0,"3":0,"4":0,"5":0,"6":0},"b":{"0":[0,0]}},"C:\\Users\\ArulJothyJ\\.gemini\\antigravity\\scratch\\cmd-table\\src\\renderers\\MarkdownRenderer.ts":{"path":"C:\\Users\\ArulJothyJ\\.gemini\\antigravity\\scratch\\cmd-table\\src\\renderers\\MarkdownRenderer.ts","statementMap":{"0":{"start":{"line":3,"column":0},"end":{"line":3,"column":31}},"1":{"start":{"line":7,"column":17},"end":{"line":7,"column":65}},"2":{"start":{"line":7,"column":50},"end":{"line":7,"column":64}},"3":{"start":{"line":8,"column":19},"end":{"line":8,"column":76}},"4":{"start":{"line":8,"column":53},"end":{"line":8,"column":74}},"5":{"start":{"line":9,"column":22},"end":{"line":9,"column":98}},"6":{"start":{"line":9,"column":50},"end":{"line":9,"column":78}},"7":{"start":{"line":10,"column":17},"end":{"line":12,"column":17}},"8":{"start":{"line":11,"column":20},"end":{"line":11,"column":91}},"9":{"start":{"line":11,"column":62},"end":{"line":11,"column":89}},"10":{"start":{"line":14,"column":4},"end":{"line":14,"column":64}},"11":{"start":{"line":18,"column":4},"end":{"line":18,"column":97}},"12":{"start":{"line":18,"column":38},"end":{"line":18,"column":76}},"13":{"start":{"line":22,"column":4},"end":{"line":22,"column":43}},"14":{"start":{"line":22,"column":28},"end":{"line":22,"column":43}},"15":{"start":{"line":23,"column":4},"end":{"line":23,"column":41}},"16":{"start":{"line":23,"column":27},"end":{"line":23,"column":41}},"17":{"start":{"line":24,"column":4},"end":{"line":24,"column":18}},"18":{"start":{"line":5,"column":0},"end":{"line":5,"column":13}}},"fnMap":{"0":{"name":"(anonymous_0)","decl":{"start":{"line":6,"column":9},"end":{"line":6,"column":15}},"loc":{"start":{"line":6,"column":28},"end":{"line":15,"column":3}}},"1":{"name":"(anonymous_1)","decl":{"start":{"line":7,"column":38},"end":{"line":7,"column":39}},"loc":{"start":{"line":7,"column":50},"end":{"line":7,"column":64}}},"2":{"name":"(anonymous_2)","decl":{"start":{"line":8,"column":41},"end":{"line":8,"column":42}},"loc":{"start":{"line":8,"column":53},"end":{"line":8,"column":74}}},"3":{"name":"(anonymous_3)","decl":{"start":{"line":9,"column":38},"end":{"line":9,"column":39}},"loc":{"start":{"line":9,"column":50},"end":{"line":9,"column":78}}},"4":{"name":"(anonymous_4)","decl":{"start":{"line":11,"column":11},"end":{"line":11,"column":12}},"loc":{"start":{"line":11,"column":20},"end":{"line":11,"column":91}}},"5":{"name":"(anonymous_5)","decl":{"start":{"line":11,"column":50},"end":{"line":11,"column":51}},"loc":{"start":{"line":11,"column":62},"end":{"line":11,"column":89}}},"6":{"name":"(anonymous_6)","decl":{"start":{"line":17,"column":10},"end":{"line":17,"column":17}},"loc":{"start":{"line":17,"column":31},"end":{"line":19,"column":3}}},"7":{"name":"(anonymous_7)","decl":{"start":{"line":18,"column":28},"end":{"line":18,"column":29}},"loc":{"start":{"line":18,"column":38},"end":{"line":18,"column":76}}},"8":{"name":"(anonymous_8)","decl":{"start":{"line":21,"column":10},"end":{"line":21,"column":19}},"loc":{"start":{"line":21,"column":63},"end":{"line":25,"column":3}}}},"branchMap":{"0":{"loc":{"start":{"line":21,"column":20},"end":{"line":21,"column":63}},"type":"default-arg","locations":[{"start":{"line":21,"column":57},"end":{"line":21,"column":63}}]},"1":{"loc":{"start":{"line":22,"column":4},"end":{"line":22,"column":43}},"type":"if","locations":[{"start":{"line":22,"column":4},"end":{"line":22,"column":43}}]},"2":{"loc":{"start":{"line":23,"column":4},"end":{"line":23,"column":41}},"type":"if","locations":[{"start":{"line":23,"column":4},"end":{"line":23,"column":41}}]}},"s":{"0":1,"1":0,"2":0,"3":0,"4":0,"5":0,"6":0,"7":0,"8":0,"9":0,"10":0,"11":0,"12":0,"13":0,"14":0,"15":0,"16":0,"17":0,"18":1},"f":{"0":0,"1":0,"2":0,"3":0,"4":0,"5":0,"6":0,"7":0,"8":0},"b":{"0":[0],"1":[0],"2":[0]}},"C:\\Users\\ArulJothyJ\\.gemini\\antigravity\\scratch\\cmd-table\\src\\themes\\Theme.ts":{"path":"C:\\Users\\ArulJothyJ\\.gemini\\antigravity\\scratch\\cmd-table\\src\\themes\\Theme.ts","statementMap":{"0":{"start":{"line":212,"column":0},"end":{"line":212,"column":16}},"1":{"start":{"line":24,"column":13},"end":{"line":40,"column":2}},"2":{"start":{"line":42,"column":13},"end":{"line":58,"column":2}},"3":{"start":{"line":60,"column":13},"end":{"line":76,"column":2}},"4":{"start":{"line":78,"column":13},"end":{"line":94,"column":2}},"5":{"start":{"line":96,"column":13},"end":{"line":112,"column":2}},"6":{"start":{"line":114,"column":13},"end":{"line":130,"column":2}},"7":{"start":{"line":132,"column":13},"end":{"line":148,"column":2}},"8":{"start":{"line":150,"column":13},"end":{"line":166,"column":2}},"9":{"start":{"line":168,"column":13},"end":{"line":184,"column":2}},"10":{"start":{"line":186,"column":13},"end":{"line":208,"column":44}},"11":{"start":{"line":213,"column":2},"end":{"line":213,"column":30}}},"fnMap":{"0":{"name":"getTheme","decl":{"start":{"line":212,"column":16},"end":{"line":212,"column":24}},"loc":{"start":{"line":212,"column":40},"end":{"line":214,"column":1}}}},"branchMap":{},"s":{"0":1,"1":1,"2":1,"3":1,"4":1,"5":1,"6":1,"7":1,"8":1,"9":1,"10":1,"11":0},"f":{"0":0},"b":{}}}}
